[2023-03-17T00:01:12.411] [INFO] logs - Request POST /admin/v1/login || body {"email ":"asd@asd.asd"} || params {} || headers {"content-length":"18","accept-encoding":"gzip, deflate, br","accept":"*/*","user-agent":"Thunder Client (https://www.thunderclient.com)","content-type":"application/x-www-form-urlencoded","host":"localhost:2023","connection":"close"}
[2023-03-17T00:01:12.412] [INFO] logs - Response [object Object]
[2023-03-17T00:01:49.012] [INFO] logs - Request POST /admin/v1/login || body {"email ":"asd@asd.asd"} || params {} || headers {"content-length":"18","accept-encoding":"gzip, deflate, br","accept":"*/*","user-agent":"Thunder Client (https://www.thunderclient.com)","content-type":"application/x-www-form-urlencoded","host":"localhost:2023","connection":"close"}
[2023-03-17T00:01:49.013] [INFO] logs - Response [object Object]
[2023-03-17T00:02:53.441] [INFO] logs - Request POST /admin/v1/login || body {"email ":"asd@asd.asd"} || params {} || headers {"content-length":"18","accept-encoding":"gzip, deflate, br","accept":"*/*","user-agent":"Thunder Client (https://www.thunderclient.com)","content-type":"application/x-www-form-urlencoded","host":"localhost:2023","connection":"close"}
[2023-03-17T00:02:53.442] [INFO] logs - Response [object Object]
[2023-03-17T00:04:09.726] [INFO] logs - Request POST /admin/v1/login || body {"email ":"asd@asd.asd"} || params {} || headers {"content-length":"18","accept-encoding":"gzip, deflate, br","accept":"*/*","user-agent":"Thunder Client (https://www.thunderclient.com)","content-type":"application/x-www-form-urlencoded","host":"localhost:2023","connection":"close"}
[2023-03-17T00:04:09.727] [INFO] logs - Response [object Object]
[2023-03-17T00:04:09.730] [INFO] logs - Status: 201, Message: Data Return Successfully
[2023-03-17T00:05:02.991] [INFO] logs - Request POST /admin/v1/login || body {"email ":"asd@asd.asd"} || params {} || headers {"content-length":"18","accept-encoding":"gzip, deflate, br","accept":"*/*","user-agent":"Thunder Client (https://www.thunderclient.com)","content-type":"application/x-www-form-urlencoded","host":"localhost:2023","connection":"close"}
[2023-03-17T00:05:02.992] [INFO] logs - Response [object Object]
[2023-03-17T00:05:02.995] [INFO] logs - Status: 201, Message: Data Return Successfully
[2023-03-17T00:05:44.394] [INFO] logs - Request POST /admin/v1/login || body {"email ":"asd@asd.asd"} || params {} || headers {"content-length":"18","accept-encoding":"gzip, deflate, br","accept":"*/*","user-agent":"Thunder Client (https://www.thunderclient.com)","content-type":"application/x-www-form-urlencoded","host":"localhost:2023","connection":"close"}
[2023-03-17T00:05:44.395] [INFO] logs - Response [object Object]
[2023-03-17T00:05:44.398] [INFO] logs - Status: 201, Message: Data Return Successfully
[2023-03-17T00:06:02.279] [INFO] logs - Request POST /admin/v1/login || body {"email ":"asd@asd.asd"} || params {} || headers {"content-length":"18","accept-encoding":"gzip, deflate, br","accept":"*/*","user-agent":"Thunder Client (https://www.thunderclient.com)","content-type":"application/x-www-form-urlencoded","host":"localhost:2023","connection":"close"}
[2023-03-17T00:06:02.279] [INFO] logs - Response [object Object]
[2023-03-17T00:06:02.288] [INFO] logs - Status: 201, Message: Data Return Successfully
[2023-03-17T00:06:03.539] [INFO] logs - Request POST /admin/v1/login || body {"email ":"asd@asd.asd"} || params {} || headers {"content-length":"18","accept-encoding":"gzip, deflate, br","accept":"*/*","user-agent":"Thunder Client (https://www.thunderclient.com)","content-type":"application/x-www-form-urlencoded","host":"localhost:2023","connection":"close"}
[2023-03-17T00:06:03.539] [INFO] logs - Response [object Object]
[2023-03-17T00:06:03.542] [INFO] logs - Status: 201, Message: Data Return Successfully
[2023-03-17T00:06:03.904] [INFO] logs - Request POST /admin/v1/login || body {"email ":"asd@asd.asd"} || params {} || headers {"content-length":"18","accept-encoding":"gzip, deflate, br","accept":"*/*","user-agent":"Thunder Client (https://www.thunderclient.com)","content-type":"application/x-www-form-urlencoded","host":"localhost:2023","connection":"close"}
[2023-03-17T00:06:03.904] [INFO] logs - Response [object Object]
[2023-03-17T00:06:03.906] [INFO] logs - Status: 201, Message: Data Return Successfully
[2023-03-17T00:06:04.144] [INFO] logs - Request POST /admin/v1/login || body {"email ":"asd@asd.asd"} || params {} || headers {"content-length":"18","accept-encoding":"gzip, deflate, br","accept":"*/*","user-agent":"Thunder Client (https://www.thunderclient.com)","content-type":"application/x-www-form-urlencoded","host":"localhost:2023","connection":"close"}
[2023-03-17T00:06:04.144] [INFO] logs - Response [object Object]
[2023-03-17T00:06:04.148] [INFO] logs - Status: 201, Message: Data Return Successfully
[2023-03-17T00:06:04.382] [INFO] logs - Request POST /admin/v1/login || body {"email ":"asd@asd.asd"} || params {} || headers {"content-length":"18","accept-encoding":"gzip, deflate, br","accept":"*/*","user-agent":"Thunder Client (https://www.thunderclient.com)","content-type":"application/x-www-form-urlencoded","host":"localhost:2023","connection":"close"}
[2023-03-17T00:06:04.382] [INFO] logs - Response [object Object]
[2023-03-17T00:06:04.387] [INFO] logs - Status: 201, Message: Data Return Successfully
[2023-03-17T00:06:04.596] [INFO] logs - Request POST /admin/v1/login || body {"email ":"asd@asd.asd"} || params {} || headers {"content-length":"18","accept-encoding":"gzip, deflate, br","accept":"*/*","user-agent":"Thunder Client (https://www.thunderclient.com)","content-type":"application/x-www-form-urlencoded","host":"localhost:2023","connection":"close"}
[2023-03-17T00:06:04.596] [INFO] logs - Response [object Object]
[2023-03-17T00:06:04.599] [INFO] logs - Status: 201, Message: Data Return Successfully
[2023-03-17T00:06:04.816] [INFO] logs - Request POST /admin/v1/login || body {"email ":"asd@asd.asd"} || params {} || headers {"content-length":"18","accept-encoding":"gzip, deflate, br","accept":"*/*","user-agent":"Thunder Client (https://www.thunderclient.com)","content-type":"application/x-www-form-urlencoded","host":"localhost:2023","connection":"close"}
[2023-03-17T00:06:04.816] [INFO] logs - Response [object Object]
[2023-03-17T00:06:04.819] [INFO] logs - Status: 201, Message: Data Return Successfully
[2023-03-17T00:06:05.026] [INFO] logs - Request POST /admin/v1/login || body {"email ":"asd@asd.asd"} || params {} || headers {"content-length":"18","accept-encoding":"gzip, deflate, br","accept":"*/*","user-agent":"Thunder Client (https://www.thunderclient.com)","content-type":"application/x-www-form-urlencoded","host":"localhost:2023","connection":"close"}
[2023-03-17T00:06:05.026] [INFO] logs - Response [object Object]
[2023-03-17T00:06:05.030] [INFO] logs - Status: 201, Message: Data Return Successfully
[2023-03-17T00:06:05.201] [INFO] logs - Request POST /admin/v1/login || body {"email ":"asd@asd.asd"} || params {} || headers {"content-length":"18","accept-encoding":"gzip, deflate, br","accept":"*/*","user-agent":"Thunder Client (https://www.thunderclient.com)","content-type":"application/x-www-form-urlencoded","host":"localhost:2023","connection":"close"}
[2023-03-17T00:06:05.202] [INFO] logs - Response [object Object]
[2023-03-17T00:06:05.205] [INFO] logs - Status: 201, Message: Data Return Successfully
[2023-03-17T00:06:05.410] [INFO] logs - Request POST /admin/v1/login || body {"email ":"asd@asd.asd"} || params {} || headers {"content-length":"18","accept-encoding":"gzip, deflate, br","accept":"*/*","user-agent":"Thunder Client (https://www.thunderclient.com)","content-type":"application/x-www-form-urlencoded","host":"localhost:2023","connection":"close"}
[2023-03-17T00:06:05.411] [INFO] logs - Response [object Object]
[2023-03-17T00:06:05.414] [INFO] logs - Status: 201, Message: Data Return Successfully
[2023-03-17T00:06:05.608] [INFO] logs - Request POST /admin/v1/login || body {"email ":"asd@asd.asd"} || params {} || headers {"content-length":"18","accept-encoding":"gzip, deflate, br","accept":"*/*","user-agent":"Thunder Client (https://www.thunderclient.com)","content-type":"application/x-www-form-urlencoded","host":"localhost:2023","connection":"close"}
[2023-03-17T00:06:05.608] [INFO] logs - Response [object Object]
[2023-03-17T00:06:05.612] [INFO] logs - Status: 201, Message: Data Return Successfully
[2023-03-17T00:06:05.839] [INFO] logs - Request POST /admin/v1/login || body {"email ":"asd@asd.asd"} || params {} || headers {"content-length":"18","accept-encoding":"gzip, deflate, br","accept":"*/*","user-agent":"Thunder Client (https://www.thunderclient.com)","content-type":"application/x-www-form-urlencoded","host":"localhost:2023","connection":"close"}
[2023-03-17T00:06:05.840] [INFO] logs - Response [object Object]
[2023-03-17T00:06:05.843] [INFO] logs - Status: 201, Message: Data Return Successfully
[2023-03-17T00:06:06.028] [INFO] logs - Request POST /admin/v1/login || body {"email ":"asd@asd.asd"} || params {} || headers {"content-length":"18","accept-encoding":"gzip, deflate, br","accept":"*/*","user-agent":"Thunder Client (https://www.thunderclient.com)","content-type":"application/x-www-form-urlencoded","host":"localhost:2023","connection":"close"}
[2023-03-17T00:06:06.029] [INFO] logs - Response [object Object]
[2023-03-17T00:06:06.032] [INFO] logs - Status: 201, Message: Data Return Successfully
[2023-03-17T00:06:06.256] [INFO] logs - Request POST /admin/v1/login || body {"email ":"asd@asd.asd"} || params {} || headers {"content-length":"18","accept-encoding":"gzip, deflate, br","accept":"*/*","user-agent":"Thunder Client (https://www.thunderclient.com)","content-type":"application/x-www-form-urlencoded","host":"localhost:2023","connection":"close"}
[2023-03-17T00:06:06.257] [INFO] logs - Response [object Object]
[2023-03-17T00:06:06.260] [INFO] logs - Status: 201, Message: Data Return Successfully
[2023-03-17T00:06:06.477] [INFO] logs - Request POST /admin/v1/login || body {"email ":"asd@asd.asd"} || params {} || headers {"content-length":"18","accept-encoding":"gzip, deflate, br","accept":"*/*","user-agent":"Thunder Client (https://www.thunderclient.com)","content-type":"application/x-www-form-urlencoded","host":"localhost:2023","connection":"close"}
[2023-03-17T00:06:06.477] [INFO] logs - Response [object Object]
[2023-03-17T00:06:06.481] [INFO] logs - Status: 201, Message: Data Return Successfully
[2023-03-17T00:06:06.714] [INFO] logs - Request POST /admin/v1/login || body {"email ":"asd@asd.asd"} || params {} || headers {"content-length":"18","accept-encoding":"gzip, deflate, br","accept":"*/*","user-agent":"Thunder Client (https://www.thunderclient.com)","content-type":"application/x-www-form-urlencoded","host":"localhost:2023","connection":"close"}
[2023-03-17T00:06:06.714] [INFO] logs - Response [object Object]
[2023-03-17T00:06:06.717] [INFO] logs - Status: 201, Message: Data Return Successfully
[2023-03-17T00:06:06.934] [INFO] logs - Request POST /admin/v1/login || body {"email ":"asd@asd.asd"} || params {} || headers {"content-length":"18","accept-encoding":"gzip, deflate, br","accept":"*/*","user-agent":"Thunder Client (https://www.thunderclient.com)","content-type":"application/x-www-form-urlencoded","host":"localhost:2023","connection":"close"}
[2023-03-17T00:06:06.935] [INFO] logs - Response [object Object]
[2023-03-17T00:06:06.940] [INFO] logs - Status: 201, Message: Data Return Successfully
[2023-03-17T00:06:07.130] [INFO] logs - Request POST /admin/v1/login || body {"email ":"asd@asd.asd"} || params {} || headers {"content-length":"18","accept-encoding":"gzip, deflate, br","accept":"*/*","user-agent":"Thunder Client (https://www.thunderclient.com)","content-type":"application/x-www-form-urlencoded","host":"localhost:2023","connection":"close"}
[2023-03-17T00:06:07.130] [INFO] logs - Response [object Object]
[2023-03-17T00:06:07.134] [INFO] logs - Status: 201, Message: Data Return Successfully
[2023-03-17T00:06:07.331] [INFO] logs - Request POST /admin/v1/login || body {"email ":"asd@asd.asd"} || params {} || headers {"content-length":"18","accept-encoding":"gzip, deflate, br","accept":"*/*","user-agent":"Thunder Client (https://www.thunderclient.com)","content-type":"application/x-www-form-urlencoded","host":"localhost:2023","connection":"close"}
[2023-03-17T00:06:07.331] [INFO] logs - Response [object Object]
[2023-03-17T00:06:07.335] [INFO] logs - Status: 201, Message: Data Return Successfully
[2023-03-17T00:06:07.563] [INFO] logs - Request POST /admin/v1/login || body {"email ":"asd@asd.asd"} || params {} || headers {"content-length":"18","accept-encoding":"gzip, deflate, br","accept":"*/*","user-agent":"Thunder Client (https://www.thunderclient.com)","content-type":"application/x-www-form-urlencoded","host":"localhost:2023","connection":"close"}
[2023-03-17T00:06:07.563] [INFO] logs - Response [object Object]
[2023-03-17T00:06:07.566] [INFO] logs - Status: 201, Message: Data Return Successfully
[2023-03-17T00:06:07.781] [INFO] logs - Request POST /admin/v1/login || body {"email ":"asd@asd.asd"} || params {} || headers {"content-length":"18","accept-encoding":"gzip, deflate, br","accept":"*/*","user-agent":"Thunder Client (https://www.thunderclient.com)","content-type":"application/x-www-form-urlencoded","host":"localhost:2023","connection":"close"}
[2023-03-17T00:06:07.781] [INFO] logs - Response [object Object]
[2023-03-17T00:06:07.784] [INFO] logs - Status: 201, Message: Data Return Successfully
[2023-03-17T00:06:08.052] [INFO] logs - Request POST /admin/v1/login || body {"email ":"asd@asd.asd"} || params {} || headers {"content-length":"18","accept-encoding":"gzip, deflate, br","accept":"*/*","user-agent":"Thunder Client (https://www.thunderclient.com)","content-type":"application/x-www-form-urlencoded","host":"localhost:2023","connection":"close"}
[2023-03-17T00:06:08.053] [INFO] logs - Response [object Object]
[2023-03-17T00:06:08.056] [INFO] logs - Status: 201, Message: Data Return Successfully
[2023-03-17T00:06:08.438] [INFO] logs - Request POST /admin/v1/login || body {"email ":"asd@asd.asd"} || params {} || headers {"content-length":"18","accept-encoding":"gzip, deflate, br","accept":"*/*","user-agent":"Thunder Client (https://www.thunderclient.com)","content-type":"application/x-www-form-urlencoded","host":"localhost:2023","connection":"close"}
[2023-03-17T00:06:08.438] [INFO] logs - Response [object Object]
[2023-03-17T00:06:08.440] [INFO] logs - Status: 201, Message: Data Return Successfully
[2023-03-17T00:06:08.829] [INFO] logs - Request POST /admin/v1/login || body {"email ":"asd@asd.asd"} || params {} || headers {"content-length":"18","accept-encoding":"gzip, deflate, br","accept":"*/*","user-agent":"Thunder Client (https://www.thunderclient.com)","content-type":"application/x-www-form-urlencoded","host":"localhost:2023","connection":"close"}
[2023-03-17T00:06:08.829] [INFO] logs - Response [object Object]
[2023-03-17T00:06:08.837] [INFO] logs - Status: 201, Message: Data Return Successfully
[2023-03-17T00:06:09.134] [INFO] logs - Request POST /admin/v1/login || body {"email ":"asd@asd.asd"} || params {} || headers {"content-length":"18","accept-encoding":"gzip, deflate, br","accept":"*/*","user-agent":"Thunder Client (https://www.thunderclient.com)","content-type":"application/x-www-form-urlencoded","host":"localhost:2023","connection":"close"}
[2023-03-17T00:06:09.134] [INFO] logs - Response [object Object]
[2023-03-17T00:06:09.138] [INFO] logs - Status: 201, Message: Data Return Successfully
[2023-03-17T00:06:09.463] [INFO] logs - Request POST /admin/v1/login || body {"email ":"asd@asd.asd"} || params {} || headers {"content-length":"18","accept-encoding":"gzip, deflate, br","accept":"*/*","user-agent":"Thunder Client (https://www.thunderclient.com)","content-type":"application/x-www-form-urlencoded","host":"localhost:2023","connection":"close"}
[2023-03-17T00:06:09.463] [INFO] logs - Response [object Object]
[2023-03-17T00:06:09.466] [INFO] logs - Status: 201, Message: Data Return Successfully
[2023-03-17T00:06:09.737] [INFO] logs - Request POST /admin/v1/login || body {"email ":"asd@asd.asd"} || params {} || headers {"content-length":"18","accept-encoding":"gzip, deflate, br","accept":"*/*","user-agent":"Thunder Client (https://www.thunderclient.com)","content-type":"application/x-www-form-urlencoded","host":"localhost:2023","connection":"close"}
[2023-03-17T00:06:09.737] [INFO] logs - Response [object Object]
[2023-03-17T00:06:09.739] [INFO] logs - Status: 201, Message: Data Return Successfully
[2023-03-17T00:06:10.030] [INFO] logs - Request POST /admin/v1/login || body {"email ":"asd@asd.asd"} || params {} || headers {"content-length":"18","accept-encoding":"gzip, deflate, br","accept":"*/*","user-agent":"Thunder Client (https://www.thunderclient.com)","content-type":"application/x-www-form-urlencoded","host":"localhost:2023","connection":"close"}
[2023-03-17T00:06:10.031] [INFO] logs - Response [object Object]
[2023-03-17T00:06:10.033] [INFO] logs - Status: 201, Message: Data Return Successfully
[2023-03-17T00:06:10.356] [INFO] logs - Request POST /admin/v1/login || body {"email ":"asd@asd.asd"} || params {} || headers {"content-length":"18","accept-encoding":"gzip, deflate, br","accept":"*/*","user-agent":"Thunder Client (https://www.thunderclient.com)","content-type":"application/x-www-form-urlencoded","host":"localhost:2023","connection":"close"}
[2023-03-17T00:06:10.356] [INFO] logs - Response [object Object]
[2023-03-17T00:06:10.361] [INFO] logs - Status: 201, Message: Data Return Successfully
[2023-03-17T00:06:10.617] [INFO] logs - Request POST /admin/v1/login || body {"email ":"asd@asd.asd"} || params {} || headers {"content-length":"18","accept-encoding":"gzip, deflate, br","accept":"*/*","user-agent":"Thunder Client (https://www.thunderclient.com)","content-type":"application/x-www-form-urlencoded","host":"localhost:2023","connection":"close"}
[2023-03-17T00:06:10.617] [INFO] logs - Response [object Object]
[2023-03-17T00:06:10.622] [INFO] logs - Status: 201, Message: Data Return Successfully
[2023-03-17T00:06:10.868] [INFO] logs - Request POST /admin/v1/login || body {"email ":"asd@asd.asd"} || params {} || headers {"content-length":"18","accept-encoding":"gzip, deflate, br","accept":"*/*","user-agent":"Thunder Client (https://www.thunderclient.com)","content-type":"application/x-www-form-urlencoded","host":"localhost:2023","connection":"close"}
[2023-03-17T00:06:10.868] [INFO] logs - Response [object Object]
[2023-03-17T00:06:10.872] [INFO] logs - Status: 201, Message: Data Return Successfully
[2023-03-17T00:06:11.107] [INFO] logs - Request POST /admin/v1/login || body {"email ":"asd@asd.asd"} || params {} || headers {"content-length":"18","accept-encoding":"gzip, deflate, br","accept":"*/*","user-agent":"Thunder Client (https://www.thunderclient.com)","content-type":"application/x-www-form-urlencoded","host":"localhost:2023","connection":"close"}
[2023-03-17T00:06:11.107] [INFO] logs - Response [object Object]
[2023-03-17T00:06:11.111] [INFO] logs - Status: 201, Message: Data Return Successfully
[2023-03-17T00:06:11.325] [INFO] logs - Request POST /admin/v1/login || body {"email ":"asd@asd.asd"} || params {} || headers {"content-length":"18","accept-encoding":"gzip, deflate, br","accept":"*/*","user-agent":"Thunder Client (https://www.thunderclient.com)","content-type":"application/x-www-form-urlencoded","host":"localhost:2023","connection":"close"}
[2023-03-17T00:06:11.325] [INFO] logs - Response [object Object]
[2023-03-17T00:06:11.329] [INFO] logs - Status: 201, Message: Data Return Successfully
[2023-03-17T00:06:12.068] [INFO] logs - Request POST /admin/v1/login || body {"email ":"asd@asd.asd"} || params {} || headers {"content-length":"18","accept-encoding":"gzip, deflate, br","accept":"*/*","user-agent":"Thunder Client (https://www.thunderclient.com)","content-type":"application/x-www-form-urlencoded","host":"localhost:2023","connection":"close"}
[2023-03-17T00:06:12.069] [INFO] logs - Response [object Object]
[2023-03-17T00:06:12.072] [INFO] logs - Status: 201, Message: Data Return Successfully
[2023-03-17T00:06:12.531] [INFO] logs - Request POST /admin/v1/login || body {"email ":"asd@asd.asd"} || params {} || headers {"content-length":"18","accept-encoding":"gzip, deflate, br","accept":"*/*","user-agent":"Thunder Client (https://www.thunderclient.com)","content-type":"application/x-www-form-urlencoded","host":"localhost:2023","connection":"close"}
[2023-03-17T00:06:12.531] [INFO] logs - Response [object Object]
[2023-03-17T00:06:12.537] [INFO] logs - Status: 201, Message: Data Return Successfully
[2023-03-17T00:06:13.134] [INFO] logs - Request POST /admin/v1/login || body {"email ":"asd@asd.asd"} || params {} || headers {"content-length":"18","accept-encoding":"gzip, deflate, br","accept":"*/*","user-agent":"Thunder Client (https://www.thunderclient.com)","content-type":"application/x-www-form-urlencoded","host":"localhost:2023","connection":"close"}
[2023-03-17T00:06:13.134] [INFO] logs - Response [object Object]
[2023-03-17T00:06:13.137] [INFO] logs - Status: 201, Message: Data Return Successfully
[2023-03-17T00:06:13.595] [INFO] logs - Request POST /admin/v1/login || body {"email ":"asd@asd.asd"} || params {} || headers {"content-length":"18","accept-encoding":"gzip, deflate, br","accept":"*/*","user-agent":"Thunder Client (https://www.thunderclient.com)","content-type":"application/x-www-form-urlencoded","host":"localhost:2023","connection":"close"}
[2023-03-17T00:06:13.595] [INFO] logs - Response [object Object]
[2023-03-17T00:06:13.599] [INFO] logs - Status: 201, Message: Data Return Successfully
[2023-03-17T00:06:14.026] [INFO] logs - Request POST /admin/v1/login || body {"email ":"asd@asd.asd"} || params {} || headers {"content-length":"18","accept-encoding":"gzip, deflate, br","accept":"*/*","user-agent":"Thunder Client (https://www.thunderclient.com)","content-type":"application/x-www-form-urlencoded","host":"localhost:2023","connection":"close"}
[2023-03-17T00:06:14.026] [INFO] logs - Response [object Object]
[2023-03-17T00:06:14.030] [INFO] logs - Status: 201, Message: Data Return Successfully
[2023-03-17T00:06:14.470] [INFO] logs - Request POST /admin/v1/login || body {"email ":"asd@asd.asd"} || params {} || headers {"content-length":"18","accept-encoding":"gzip, deflate, br","accept":"*/*","user-agent":"Thunder Client (https://www.thunderclient.com)","content-type":"application/x-www-form-urlencoded","host":"localhost:2023","connection":"close"}
[2023-03-17T00:06:14.471] [INFO] logs - Response [object Object]
[2023-03-17T00:06:14.477] [INFO] logs - Status: 201, Message: Data Return Successfully
[2023-03-17T00:06:14.830] [INFO] logs - Request POST /admin/v1/login || body {"email ":"asd@asd.asd"} || params {} || headers {"content-length":"18","accept-encoding":"gzip, deflate, br","accept":"*/*","user-agent":"Thunder Client (https://www.thunderclient.com)","content-type":"application/x-www-form-urlencoded","host":"localhost:2023","connection":"close"}
[2023-03-17T00:06:14.830] [INFO] logs - Response [object Object]
[2023-03-17T00:06:14.834] [INFO] logs - Status: 201, Message: Data Return Successfully
[2023-03-17T00:06:15.026] [INFO] logs - Request POST /admin/v1/login || body {"email ":"asd@asd.asd"} || params {} || headers {"content-length":"18","accept-encoding":"gzip, deflate, br","accept":"*/*","user-agent":"Thunder Client (https://www.thunderclient.com)","content-type":"application/x-www-form-urlencoded","host":"localhost:2023","connection":"close"}
[2023-03-17T00:06:15.026] [INFO] logs - Response [object Object]
[2023-03-17T00:06:15.029] [INFO] logs - Status: 201, Message: Data Return Successfully
[2023-03-17T00:06:15.188] [INFO] logs - Request POST /admin/v1/login || body {"email ":"asd@asd.asd"} || params {} || headers {"content-length":"18","accept-encoding":"gzip, deflate, br","accept":"*/*","user-agent":"Thunder Client (https://www.thunderclient.com)","content-type":"application/x-www-form-urlencoded","host":"localhost:2023","connection":"close"}
[2023-03-17T00:06:15.189] [INFO] logs - Response [object Object]
[2023-03-17T00:06:15.191] [INFO] logs - Status: 201, Message: Data Return Successfully
[2023-03-17T00:06:15.371] [INFO] logs - Request POST /admin/v1/login || body {"email ":"asd@asd.asd"} || params {} || headers {"content-length":"18","accept-encoding":"gzip, deflate, br","accept":"*/*","user-agent":"Thunder Client (https://www.thunderclient.com)","content-type":"application/x-www-form-urlencoded","host":"localhost:2023","connection":"close"}
[2023-03-17T00:06:15.371] [INFO] logs - Response [object Object]
[2023-03-17T00:06:15.374] [INFO] logs - Status: 201, Message: Data Return Successfully
[2023-03-17T00:06:15.523] [INFO] logs - Request POST /admin/v1/login || body {"email ":"asd@asd.asd"} || params {} || headers {"content-length":"18","accept-encoding":"gzip, deflate, br","accept":"*/*","user-agent":"Thunder Client (https://www.thunderclient.com)","content-type":"application/x-www-form-urlencoded","host":"localhost:2023","connection":"close"}
[2023-03-17T00:06:15.523] [INFO] logs - Response [object Object]
[2023-03-17T00:06:15.525] [INFO] logs - Status: 201, Message: Data Return Successfully
[2023-03-17T00:06:16.281] [INFO] logs - Request POST /admin/v1/login || body {"email ":"asd@asd.asd"} || params {} || headers {"content-length":"18","accept-encoding":"gzip, deflate, br","accept":"*/*","user-agent":"Thunder Client (https://www.thunderclient.com)","content-type":"application/x-www-form-urlencoded","host":"localhost:2023","connection":"close"}
[2023-03-17T00:06:16.282] [INFO] logs - Response [object Object]
[2023-03-17T00:06:16.287] [INFO] logs - Status: 201, Message: Data Return Successfully
[2023-03-17T00:06:19.853] [INFO] logs - Request POST /admin/v1/login || body {"email ":"asd@asd.asd"} || params {} || headers {"content-length":"18","accept-encoding":"gzip, deflate, br","accept":"*/*","user-agent":"Thunder Client (https://www.thunderclient.com)","content-type":"application/x-www-form-urlencoded","host":"localhost:2023","connection":"close"}
[2023-03-17T00:06:19.853] [INFO] logs - Response [object Object]
[2023-03-17T00:06:19.857] [INFO] logs - Status: 201, Message: Data Return Successfully
[2023-03-17T00:06:20.852] [INFO] logs - Request POST /admin/v1/login || body {"email ":"asd@asd.asd"} || params {} || headers {"content-length":"18","accept-encoding":"gzip, deflate, br","accept":"*/*","user-agent":"Thunder Client (https://www.thunderclient.com)","content-type":"application/x-www-form-urlencoded","host":"localhost:2023","connection":"close"}
[2023-03-17T00:06:20.853] [INFO] logs - Response [object Object]
[2023-03-17T00:06:20.857] [INFO] logs - Status: 201, Message: Data Return Successfully
[2023-03-17T00:06:22.302] [INFO] logs - Request POST /admin/v1/login || body {"email ":"asd@asd.asd"} || params {} || headers {"content-length":"18","accept-encoding":"gzip, deflate, br","accept":"*/*","user-agent":"Thunder Client (https://www.thunderclient.com)","content-type":"application/x-www-form-urlencoded","host":"localhost:2023","connection":"close"}
[2023-03-17T00:06:22.302] [INFO] logs - Response [object Object]
[2023-03-17T00:06:22.306] [INFO] logs - Status: 201, Message: Data Return Successfully
[2023-03-17T00:06:23.103] [INFO] logs - Request POST /admin/v1/login || body {"email ":"asd@asd.asd"} || params {} || headers {"content-length":"18","accept-encoding":"gzip, deflate, br","accept":"*/*","user-agent":"Thunder Client (https://www.thunderclient.com)","content-type":"application/x-www-form-urlencoded","host":"localhost:2023","connection":"close"}
[2023-03-17T00:06:23.103] [INFO] logs - Response [object Object]
[2023-03-17T00:06:23.106] [INFO] logs - Status: 201, Message: Data Return Successfully
[2023-03-17T00:06:23.522] [INFO] logs - Request POST /admin/v1/login || body {"email ":"asd@asd.asd"} || params {} || headers {"content-length":"18","accept-encoding":"gzip, deflate, br","accept":"*/*","user-agent":"Thunder Client (https://www.thunderclient.com)","content-type":"application/x-www-form-urlencoded","host":"localhost:2023","connection":"close"}
[2023-03-17T00:06:23.523] [INFO] logs - Response [object Object]
[2023-03-17T00:06:23.525] [INFO] logs - Status: 201, Message: Data Return Successfully
[2023-03-17T00:06:23.956] [INFO] logs - Request POST /admin/v1/login || body {"email ":"asd@asd.asd"} || params {} || headers {"content-length":"18","accept-encoding":"gzip, deflate, br","accept":"*/*","user-agent":"Thunder Client (https://www.thunderclient.com)","content-type":"application/x-www-form-urlencoded","host":"localhost:2023","connection":"close"}
[2023-03-17T00:06:23.956] [INFO] logs - Response [object Object]
[2023-03-17T00:06:23.962] [INFO] logs - Status: 201, Message: Data Return Successfully
[2023-03-17T00:06:24.313] [INFO] logs - Request POST /admin/v1/login || body {"email ":"asd@asd.asd"} || params {} || headers {"content-length":"18","accept-encoding":"gzip, deflate, br","accept":"*/*","user-agent":"Thunder Client (https://www.thunderclient.com)","content-type":"application/x-www-form-urlencoded","host":"localhost:2023","connection":"close"}
[2023-03-17T00:06:24.313] [INFO] logs - Response [object Object]
[2023-03-17T00:06:24.318] [INFO] logs - Status: 201, Message: Data Return Successfully
[2023-03-17T00:06:24.718] [INFO] logs - Request POST /admin/v1/login || body {"email ":"asd@asd.asd"} || params {} || headers {"content-length":"18","accept-encoding":"gzip, deflate, br","accept":"*/*","user-agent":"Thunder Client (https://www.thunderclient.com)","content-type":"application/x-www-form-urlencoded","host":"localhost:2023","connection":"close"}
[2023-03-17T00:06:24.718] [INFO] logs - Response [object Object]
[2023-03-17T00:06:24.722] [INFO] logs - Status: 201, Message: Data Return Successfully
[2023-03-17T00:06:25.131] [INFO] logs - Request POST /admin/v1/login || body {"email ":"asd@asd.asd"} || params {} || headers {"content-length":"18","accept-encoding":"gzip, deflate, br","accept":"*/*","user-agent":"Thunder Client (https://www.thunderclient.com)","content-type":"application/x-www-form-urlencoded","host":"localhost:2023","connection":"close"}
[2023-03-17T00:06:25.131] [INFO] logs - Response [object Object]
[2023-03-17T00:06:25.134] [INFO] logs - Status: 201, Message: Data Return Successfully
[2023-03-17T00:06:25.375] [INFO] logs - Request POST /admin/v1/login || body {"email ":"asd@asd.asd"} || params {} || headers {"content-length":"18","accept-encoding":"gzip, deflate, br","accept":"*/*","user-agent":"Thunder Client (https://www.thunderclient.com)","content-type":"application/x-www-form-urlencoded","host":"localhost:2023","connection":"close"}
[2023-03-17T00:06:25.376] [INFO] logs - Response [object Object]
[2023-03-17T00:06:25.379] [INFO] logs - Status: 201, Message: Data Return Successfully
[2023-03-17T00:06:34.144] [INFO] logs - Request POST /admin/v1/login || body {"email ":"asd@asd.asd"} || params {} || headers {"content-length":"18","accept-encoding":"gzip, deflate, br","accept":"*/*","user-agent":"Thunder Client (https://www.thunderclient.com)","content-type":"application/x-www-form-urlencoded","host":"localhost:2023","connection":"close"}
[2023-03-17T00:06:34.144] [INFO] logs - Response [object Object]
[2023-03-17T00:06:34.151] [INFO] logs - Status: 201, Message: Data Return Successfully
[2023-03-17T00:06:34.784] [INFO] logs - Request POST /admin/v1/login || body {"email ":"asd@asd.asd"} || params {} || headers {"content-length":"18","accept-encoding":"gzip, deflate, br","accept":"*/*","user-agent":"Thunder Client (https://www.thunderclient.com)","content-type":"application/x-www-form-urlencoded","host":"localhost:2023","connection":"close"}
[2023-03-17T00:06:34.785] [INFO] logs - Response [object Object]
[2023-03-17T00:06:34.789] [INFO] logs - Status: 201, Message: Data Return Successfully
[2023-03-17T00:06:35.015] [INFO] logs - Request POST /admin/v1/login || body {"email ":"asd@asd.asd"} || params {} || headers {"content-length":"18","accept-encoding":"gzip, deflate, br","accept":"*/*","user-agent":"Thunder Client (https://www.thunderclient.com)","content-type":"application/x-www-form-urlencoded","host":"localhost:2023","connection":"close"}
[2023-03-17T00:06:35.015] [INFO] logs - Response [object Object]
[2023-03-17T00:06:35.019] [INFO] logs - Status: 201, Message: Data Return Successfully
[2023-03-17T00:06:35.265] [INFO] logs - Request POST /admin/v1/login || body {"email ":"asd@asd.asd"} || params {} || headers {"content-length":"18","accept-encoding":"gzip, deflate, br","accept":"*/*","user-agent":"Thunder Client (https://www.thunderclient.com)","content-type":"application/x-www-form-urlencoded","host":"localhost:2023","connection":"close"}
[2023-03-17T00:06:35.266] [INFO] logs - Response [object Object]
[2023-03-17T00:06:35.271] [INFO] logs - Status: 201, Message: Data Return Successfully
[2023-03-17T00:06:45.969] [INFO] logs - Request POST /admin/v1/login || body {"email ":"asd@asd.asd"} || params {} || headers {"content-length":"18","accept-encoding":"gzip, deflate, br","accept":"*/*","user-agent":"Thunder Client (https://www.thunderclient.com)","content-type":"application/x-www-form-urlencoded","host":"localhost:2023","connection":"close"}
[2023-03-17T00:06:56.118] [INFO] logs - Request POST /admin/v1/login || body {"email ":"asd@asd.asd"} || params {} || headers {"content-length":"18","accept-encoding":"gzip, deflate, br","accept":"*/*","user-agent":"Thunder Client (https://www.thunderclient.com)","content-type":"application/x-www-form-urlencoded","host":"localhost:2023","connection":"close"}
[2023-03-17T00:07:39.512] [INFO] logs - Request POST /admin/v1/login || body {"email ":"asd@asd.asd"} || params {} || headers {"content-length":"18","accept-encoding":"gzip, deflate, br","accept":"*/*","user-agent":"Thunder Client (https://www.thunderclient.com)","content-type":"application/x-www-form-urlencoded","host":"localhost:2023","connection":"close"}
[2023-03-17T00:10:01.512] [INFO] logs - Request POST /admin/v1/login || body {"email ":"asd@asd.asd"} || params {} || headers {"content-length":"18","accept-encoding":"gzip, deflate, br","accept":"*/*","user-agent":"Thunder Client (https://www.thunderclient.com)","content-type":"application/x-www-form-urlencoded","host":"localhost:2023","connection":"close"}
[2023-03-17T00:10:01.512] [INFO] logs - Response [object Object]
[2023-03-17T00:10:01.520] [INFO] logs - Status: 201, Message: Data Return Successfully
[2023-03-17T00:10:03.567] [INFO] logs - Request POST /admin/v1/login || body {"email ":"asd@asd.asd"} || params {} || headers {"content-length":"18","accept-encoding":"gzip, deflate, br","accept":"*/*","user-agent":"Thunder Client (https://www.thunderclient.com)","content-type":"application/x-www-form-urlencoded","host":"localhost:2023","connection":"close"}
[2023-03-17T00:10:03.567] [INFO] logs - Response [object Object]
[2023-03-17T00:10:03.570] [INFO] logs - Status: 201, Message: Data Return Successfully
[2023-03-17T00:10:41.648] [INFO] logs - Request POST /admin/v1/login || body {"email ":"asd@asd.asd"} || params {} || headers {"content-length":"18","accept-encoding":"gzip, deflate, br","accept":"*/*","user-agent":"Thunder Client (https://www.thunderclient.com)","content-type":"application/x-www-form-urlencoded","host":"localhost:2023","connection":"close"}
[2023-03-17T00:10:41.648] [INFO] logs - Response [object Object]
[2023-03-17T00:11:05.026] [INFO] logs - Request POST /admin/v1/login || body {"email ":"asd@asd.asd"} || params {} || headers {"content-length":"18","accept-encoding":"gzip, deflate, br","accept":"*/*","user-agent":"Thunder Client (https://www.thunderclient.com)","content-type":"application/x-www-form-urlencoded","host":"localhost:2023","connection":"close"}
[2023-03-17T00:11:05.027] [INFO] logs - Response [object Object]
[2023-03-17T00:11:05.036] [ERROR] logs - Status: 500, Message: Unknown column 'adminuser.email ' in 'where clause'
[2023-03-17T00:11:06.248] [INFO] logs - Request POST /admin/v1/login || body {"email ":"asd@asd.asd"} || params {} || headers {"content-length":"18","accept-encoding":"gzip, deflate, br","accept":"*/*","user-agent":"Thunder Client (https://www.thunderclient.com)","content-type":"application/x-www-form-urlencoded","host":"localhost:2023","connection":"close"}
[2023-03-17T00:11:06.249] [INFO] logs - Response [object Object]
[2023-03-17T00:11:06.252] [ERROR] logs - Status: 500, Message: Unknown column 'adminuser.email ' in 'where clause'
[2023-03-17T00:11:06.776] [INFO] logs - Request POST /admin/v1/login || body {"email ":"asd@asd.asd"} || params {} || headers {"content-length":"18","accept-encoding":"gzip, deflate, br","accept":"*/*","user-agent":"Thunder Client (https://www.thunderclient.com)","content-type":"application/x-www-form-urlencoded","host":"localhost:2023","connection":"close"}
[2023-03-17T00:11:06.776] [INFO] logs - Response [object Object]
[2023-03-17T00:11:06.780] [ERROR] logs - Status: 500, Message: Unknown column 'adminuser.email ' in 'where clause'
[2023-03-17T00:11:07.091] [INFO] logs - Request POST /admin/v1/login || body {"email ":"asd@asd.asd"} || params {} || headers {"content-length":"18","accept-encoding":"gzip, deflate, br","accept":"*/*","user-agent":"Thunder Client (https://www.thunderclient.com)","content-type":"application/x-www-form-urlencoded","host":"localhost:2023","connection":"close"}
[2023-03-17T00:11:07.091] [INFO] logs - Response [object Object]
[2023-03-17T00:11:07.095] [ERROR] logs - Status: 500, Message: Unknown column 'adminuser.email ' in 'where clause'
[2023-03-17T00:11:07.593] [INFO] logs - Request POST /admin/v1/login || body {"email ":"asd@asd.asd"} || params {} || headers {"content-length":"18","accept-encoding":"gzip, deflate, br","accept":"*/*","user-agent":"Thunder Client (https://www.thunderclient.com)","content-type":"application/x-www-form-urlencoded","host":"localhost:2023","connection":"close"}
[2023-03-17T00:11:07.593] [INFO] logs - Response [object Object]
[2023-03-17T00:11:07.597] [ERROR] logs - Status: 500, Message: Unknown column 'adminuser.email ' in 'where clause'
[2023-03-17T00:11:24.679] [INFO] logs - Request POST /admin/v1/login || body {"email ":"asd@asd.asd"} || params {} || headers {"content-length":"18","accept-encoding":"gzip, deflate, br","accept":"*/*","user-agent":"Thunder Client (https://www.thunderclient.com)","content-type":"application/x-www-form-urlencoded","host":"localhost:2023","connection":"close"}
[2023-03-17T00:11:24.679] [INFO] logs - Response [object Object]
[2023-03-17T00:11:24.685] [ERROR] logs - Status: 500, Message: Unknown column 'adminuser.email ' in 'where clause'
[2023-03-17T00:13:25.020] [INFO] logs - Request POST /admin/v1/login || body {"email ":"asd@asd.asd"} || params {} || headers {"content-length":"18","accept-encoding":"gzip, deflate, br","accept":"*/*","user-agent":"Thunder Client (https://www.thunderclient.com)","content-type":"application/x-www-form-urlencoded","host":"localhost:2023","connection":"close"}
[2023-03-17T00:13:25.020] [INFO] logs - Response [object Object]
[2023-03-17T00:13:25.027] [ERROR] logs - Status: 500, Message: Unknown column 'adminuser.email ' in 'where clause'
[2023-03-17T00:13:42.358] [INFO] logs - Request POST /admin/v1/login || body {"email ":"asd@asd.asd"} || params {} || headers {"content-length":"18","accept-encoding":"gzip, deflate, br","accept":"*/*","user-agent":"Thunder Client (https://www.thunderclient.com)","content-type":"application/x-www-form-urlencoded","host":"localhost:2023","connection":"close"}
[2023-03-17T00:13:42.358] [INFO] logs - Response [object Object]
[2023-03-17T00:13:42.372] [ERROR] logs - Status: 500, Message: Unknown column 'adminuser.email ' in 'where clause'
[2023-03-17T00:14:08.017] [INFO] logs - Request POST /admin/v1/login || body {"email ":"asd@asd.asd"} || params {} || headers {"content-length":"18","accept-encoding":"gzip, deflate, br","accept":"*/*","user-agent":"Thunder Client (https://www.thunderclient.com)","content-type":"application/x-www-form-urlencoded","host":"localhost:2023","connection":"close"}
[2023-03-17T00:14:08.018] [INFO] logs - Response [object Object]
[2023-03-17T00:14:08.025] [ERROR] logs - Status: 500, Message: Unknown column 'adminuser.email ' in 'where clause'
[2023-03-17T00:14:13.703] [INFO] logs - Request POST /admin/v1/login || body {"email ":"asd@asd.asd"} || params {} || headers {"content-length":"18","accept-encoding":"gzip, deflate, br","accept":"*/*","user-agent":"Thunder Client (https://www.thunderclient.com)","content-type":"application/x-www-form-urlencoded","host":"localhost:2023","connection":"close"}
[2023-03-17T00:14:13.704] [INFO] logs - Response [object Object]
[2023-03-17T00:15:54.747] [INFO] logs - Request POST /admin/v1/login || body {"email ":"asd@asd.asd"} || params {} || headers {"content-length":"18","accept-encoding":"gzip, deflate, br","accept":"*/*","user-agent":"Thunder Client (https://www.thunderclient.com)","content-type":"application/x-www-form-urlencoded","host":"localhost:2023","connection":"close"}
[2023-03-17T00:15:54.748] [INFO] logs - Response [object Object]
[2023-03-17T00:15:54.759] [ERROR] logs - Status: 500, Message: Unknown column 'adminuser.email ' in 'where clause'
[2023-03-17T00:16:23.079] [INFO] logs - Request POST /admin/v1/login || body {"email ":"asd@asd.asd"} || params {} || headers {"content-length":"18","accept-encoding":"gzip, deflate, br","accept":"*/*","user-agent":"Thunder Client (https://www.thunderclient.com)","content-type":"application/x-www-form-urlencoded","host":"localhost:2023","connection":"close"}
[2023-03-17T00:16:23.080] [INFO] logs - Response [object Object]
[2023-03-17T00:16:31.864] [INFO] logs - Request POST /admin/v1/login || body {"email ":"asd@asd.asd"} || params {} || headers {"content-length":"18","accept-encoding":"gzip, deflate, br","accept":"*/*","user-agent":"Thunder Client (https://www.thunderclient.com)","content-type":"application/x-www-form-urlencoded","host":"localhost:2023","connection":"close"}
[2023-03-17T00:16:31.865] [INFO] logs - Response [object Object]
[2023-03-17T00:16:31.874] [ERROR] logs - Status: 404, Message: User not Found
[2023-03-17T00:16:33.183] [INFO] logs - Request POST /admin/v1/login || body {"email ":"asd@asd.asd"} || params {} || headers {"content-length":"18","accept-encoding":"gzip, deflate, br","accept":"*/*","user-agent":"Thunder Client (https://www.thunderclient.com)","content-type":"application/x-www-form-urlencoded","host":"localhost:2023","connection":"close"}
[2023-03-17T00:16:33.183] [INFO] logs - Response [object Object]
[2023-03-17T00:16:33.188] [ERROR] logs - Status: 404, Message: User not Found
[2023-03-17T00:16:33.862] [INFO] logs - Request POST /admin/v1/login || body {"email ":"asd@asd.asd"} || params {} || headers {"content-length":"18","accept-encoding":"gzip, deflate, br","accept":"*/*","user-agent":"Thunder Client (https://www.thunderclient.com)","content-type":"application/x-www-form-urlencoded","host":"localhost:2023","connection":"close"}
[2023-03-17T00:16:33.862] [INFO] logs - Response [object Object]
[2023-03-17T00:16:33.866] [ERROR] logs - Status: 404, Message: User not Found
[2023-03-17T00:16:34.489] [INFO] logs - Request POST /admin/v1/login || body {"email ":"asd@asd.asd"} || params {} || headers {"content-length":"18","accept-encoding":"gzip, deflate, br","accept":"*/*","user-agent":"Thunder Client (https://www.thunderclient.com)","content-type":"application/x-www-form-urlencoded","host":"localhost:2023","connection":"close"}
[2023-03-17T00:16:34.490] [INFO] logs - Response [object Object]
[2023-03-17T00:16:34.493] [ERROR] logs - Status: 404, Message: User not Found
[2023-03-17T00:16:49.916] [INFO] logs - Request POST /admin/v1/login || body {"email ":"asd@asd.asd"} || params {} || headers {"content-length":"18","accept-encoding":"gzip, deflate, br","accept":"*/*","user-agent":"Thunder Client (https://www.thunderclient.com)","content-type":"application/x-www-form-urlencoded","host":"localhost:2023","connection":"close"}
[2023-03-17T00:16:49.917] [INFO] logs - Response [object Object]
[2023-03-17T00:16:49.924] [INFO] logs - Status: 201, Message: Data Return Successfully
[2023-03-17T00:16:51.574] [INFO] logs - Request POST /admin/v1/login || body {"email ":"asd@asd.asd"} || params {} || headers {"content-length":"18","accept-encoding":"gzip, deflate, br","accept":"*/*","user-agent":"Thunder Client (https://www.thunderclient.com)","content-type":"application/x-www-form-urlencoded","host":"localhost:2023","connection":"close"}
[2023-03-17T00:16:51.574] [INFO] logs - Response [object Object]
[2023-03-17T00:16:51.580] [INFO] logs - Status: 201, Message: Data Return Successfully
[2023-03-17T00:17:09.682] [INFO] logs - Request POST /admin/v1/login || body {"email ":"asd@asd.asd"} || params {} || headers {"content-length":"18","accept-encoding":"gzip, deflate, br","accept":"*/*","user-agent":"Thunder Client (https://www.thunderclient.com)","content-type":"application/x-www-form-urlencoded","host":"localhost:2023","connection":"close"}
[2023-03-17T00:17:09.683] [INFO] logs - Response [object Object]
[2023-03-17T00:17:09.694] [INFO] logs - Status: 201, Message: Data Return Successfully
[2023-03-17T00:17:18.899] [INFO] logs - Request POST /admin/v1/login || body {"email ":"devkrkanhaiya@gmail.com"} || params {} || headers {"content-length":"30","accept-encoding":"gzip, deflate, br","accept":"*/*","user-agent":"Thunder Client (https://www.thunderclient.com)","content-type":"application/x-www-form-urlencoded","host":"localhost:2023","connection":"close"}
[2023-03-17T00:17:18.900] [INFO] logs - Response [object Object]
[2023-03-17T00:17:18.904] [INFO] logs - Status: 201, Message: Data Return Successfully
[2023-03-17T00:17:26.690] [INFO] logs - Request POST /admin/v1/login || body {"email":"devkrkanhaiya@gmail.com"} || params {} || headers {"content-length":"29","accept-encoding":"gzip, deflate, br","accept":"*/*","user-agent":"Thunder Client (https://www.thunderclient.com)","content-type":"application/x-www-form-urlencoded","host":"localhost:2023","connection":"close"}
[2023-03-17T00:17:26.691] [INFO] logs - Response [object Object]
[2023-03-17T00:17:26.696] [INFO] logs - Status: 201, Message: Data Return Successfully
[2023-03-17T00:17:37.291] [INFO] logs - Request POST /admin/v1/login || body {"email":"devkrkanhaiya@gmail.com"} || params {} || headers {"content-length":"29","accept-encoding":"gzip, deflate, br","accept":"*/*","user-agent":"Thunder Client (https://www.thunderclient.com)","content-type":"application/x-www-form-urlencoded","host":"localhost:2023","connection":"close"}
[2023-03-17T00:17:37.291] [INFO] logs - Response [object Object]
[2023-03-17T00:17:37.299] [INFO] logs - Status: 201, Message: Data Return Successfully
[2023-03-17T00:17:38.047] [INFO] logs - Request POST /admin/v1/login || body {"email":"devkrkanhaiya@gmail.com"} || params {} || headers {"content-length":"29","accept-encoding":"gzip, deflate, br","accept":"*/*","user-agent":"Thunder Client (https://www.thunderclient.com)","content-type":"application/x-www-form-urlencoded","host":"localhost:2023","connection":"close"}
[2023-03-17T00:17:38.048] [INFO] logs - Response [object Object]
[2023-03-17T00:17:38.054] [INFO] logs - Status: 201, Message: Data Return Successfully
[2023-03-17T00:17:38.523] [INFO] logs - Request POST /admin/v1/login || body {"email":"devkrkanhaiya@gmail.com"} || params {} || headers {"content-length":"29","accept-encoding":"gzip, deflate, br","accept":"*/*","user-agent":"Thunder Client (https://www.thunderclient.com)","content-type":"application/x-www-form-urlencoded","host":"localhost:2023","connection":"close"}
[2023-03-17T00:17:38.523] [INFO] logs - Response [object Object]
[2023-03-17T00:17:38.528] [INFO] logs - Status: 201, Message: Data Return Successfully
[2023-03-17T00:17:42.583] [INFO] logs - Request POST /admin/v1/login || body {"email":"devkrkanhaiya@gmail.comm"} || params {} || headers {"content-length":"30","accept-encoding":"gzip, deflate, br","accept":"*/*","user-agent":"Thunder Client (https://www.thunderclient.com)","content-type":"application/x-www-form-urlencoded","host":"localhost:2023","connection":"close"}
[2023-03-17T00:17:42.584] [INFO] logs - Response [object Object]
[2023-03-17T00:17:42.587] [ERROR] logs - Status: 404, Message: User not Found
[2023-03-17T00:17:43.573] [INFO] logs - Request POST /admin/v1/login || body {"email":"devkrkanhaiya@gmail.comm"} || params {} || headers {"content-length":"30","accept-encoding":"gzip, deflate, br","accept":"*/*","user-agent":"Thunder Client (https://www.thunderclient.com)","content-type":"application/x-www-form-urlencoded","host":"localhost:2023","connection":"close"}
[2023-03-17T00:17:43.573] [INFO] logs - Response [object Object]
[2023-03-17T00:17:43.576] [ERROR] logs - Status: 404, Message: User not Found
[2023-03-17T00:17:50.909] [INFO] logs - Request POST /admin/v1/login || body {"email":"devkrkanhaiya@gmail.comm"} || params {} || headers {"content-length":"30","accept-encoding":"gzip, deflate, br","accept":"*/*","user-agent":"Thunder Client (https://www.thunderclient.com)","content-type":"application/x-www-form-urlencoded","host":"localhost:2023","connection":"close"}
[2023-03-17T00:17:50.910] [INFO] logs - Response [object Object]
[2023-03-17T00:17:50.924] [ERROR] logs - Status: 404, Message: User not Found
[2023-03-17T00:17:51.447] [INFO] logs - Request POST /admin/v1/login || body {"email":"devkrkanhaiya@gmail.comm"} || params {} || headers {"content-length":"30","accept-encoding":"gzip, deflate, br","accept":"*/*","user-agent":"Thunder Client (https://www.thunderclient.com)","content-type":"application/x-www-form-urlencoded","host":"localhost:2023","connection":"close"}
[2023-03-17T00:17:51.447] [INFO] logs - Response [object Object]
[2023-03-17T00:17:51.452] [ERROR] logs - Status: 404, Message: User not Found
[2023-03-17T00:17:54.235] [INFO] logs - Request POST /admin/v1/login || body {"email":"devkrkanhaiya@gmail.com"} || params {} || headers {"content-length":"29","accept-encoding":"gzip, deflate, br","accept":"*/*","user-agent":"Thunder Client (https://www.thunderclient.com)","content-type":"application/x-www-form-urlencoded","host":"localhost:2023","connection":"close"}
[2023-03-17T00:17:54.236] [INFO] logs - Response [object Object]
[2023-03-17T00:17:54.249] [INFO] logs - Status: 201, Message: Data Return Successfully
[2023-03-17T00:18:02.271] [INFO] logs - Request POST /admin/v1/login || body {"email":"devkrkanhaiya@gmail.com"} || params {} || headers {"content-length":"29","accept-encoding":"gzip, deflate, br","accept":"*/*","user-agent":"Thunder Client (https://www.thunderclient.com)","content-type":"application/x-www-form-urlencoded","host":"localhost:2023","connection":"close"}
[2023-03-17T00:18:02.272] [INFO] logs - Response [object Object]
[2023-03-17T00:18:02.277] [INFO] logs - Status: 201, Message: Data Return Successfully
[2023-03-17T00:18:14.958] [INFO] logs - Request POST /admin/v1/login || body {"email":"devkrkanhaiya@gmail.com"} || params {} || headers {"content-length":"29","accept-encoding":"gzip, deflate, br","accept":"*/*","user-agent":"Thunder Client (https://www.thunderclient.com)","content-type":"application/x-www-form-urlencoded","host":"localhost:2023","connection":"close"}
[2023-03-17T00:18:14.959] [INFO] logs - Response [object Object]
[2023-03-17T00:18:14.968] [INFO] logs - Status: 201, Message: Data Return Successfully
