[2023-02-21T00:00:53.226] [INFO] logs - Request POST /api/v1/hotel || body {"name":"dsff","address":"asdasd","lat":"2342.234","lng":"324.43","url_key":"asdasdasd","total_rating":"3","popularfor":"five start","inactive":"0"} || params {} || headers {"apikey":"api@123","username":"dev","userpass":"mobile@123","user-agent":"PostmanRuntime/7.30.0","accept":"*/*","postman-token":"17324767-4d23-43ed-b097-5106fc172577","host":"localhost:2023","accept-encoding":"gzip, deflate, br","connection":"keep-alive","content-type":"application/x-www-form-urlencoded","content-length":"116"}
[2023-02-21T00:00:53.226] [INFO] logs - Response [object Object]
[2023-02-21T00:00:53.230] [ERROR] logs - Status: 404, Message: RouteError: Cannot POST /api/v1/hotel, No HTTP resource was found that matches the request.
[2023-02-21T00:15:00.166] [INFO] logs - Request POST /api/v1/hotel || body {"name":"dsff","address":"asdasd","lat":"2342.234","lng":"324.43","url_key":"asdasdasd","total_rating":"3","popularfor":"five start","inactive":"0"} || params {} || headers {"apikey":"api@123","username":"dev","userpass":"mobile@123","user-agent":"PostmanRuntime/7.30.0","accept":"*/*","postman-token":"db416cdd-78d7-46d7-9e21-946f275a4b09","host":"localhost:2023","accept-encoding":"gzip, deflate, br","connection":"keep-alive","content-type":"application/x-www-form-urlencoded","content-length":"116"}
[2023-02-21T00:15:00.166] [INFO] logs - Response [object Object]
[2023-02-21T00:15:00.189] [INFO] logs - Status: 201, Message: Data Return Successfully
[2023-02-21T00:16:12.628] [INFO] logs - Request POST /api/v1/hotel || body {"name":"dsff","address":"asdasd","lat":"2342.234","lng":"324.43","url_key":"asdasdasd","total_rating":"3","popularfor":"five start","inactive":"0"} || params {} || headers {"apikey":"api@123","username":"dev","userpass":"mobile@123","user-agent":"PostmanRuntime/7.30.0","accept":"*/*","postman-token":"839a2878-5ee7-40a4-8619-e245a2b10582","host":"localhost:2023","accept-encoding":"gzip, deflate, br","connection":"keep-alive","content-type":"application/x-www-form-urlencoded","content-length":"116"}
[2023-02-21T00:16:12.628] [INFO] logs - Response [object Object]
[2023-02-21T00:16:12.644] [INFO] logs - Status: 201, Message: Data Return Successfully
[2023-02-21T00:16:13.372] [INFO] logs - Request POST /api/v1/hotel || body {"name":"dsff","address":"asdasd","lat":"2342.234","lng":"324.43","url_key":"asdasdasd","total_rating":"3","popularfor":"five start","inactive":"0"} || params {} || headers {"apikey":"api@123","username":"dev","userpass":"mobile@123","user-agent":"PostmanRuntime/7.30.0","accept":"*/*","postman-token":"e662def5-1bd7-4bee-a309-3f9fed93a5ba","host":"localhost:2023","accept-encoding":"gzip, deflate, br","connection":"keep-alive","content-type":"application/x-www-form-urlencoded","content-length":"116"}
[2023-02-21T00:16:13.372] [INFO] logs - Response [object Object]
[2023-02-21T00:16:13.391] [INFO] logs - Status: 201, Message: Data Return Successfully
[2023-02-21T00:16:13.929] [INFO] logs - Request POST /api/v1/hotel || body {"name":"dsff","address":"asdasd","lat":"2342.234","lng":"324.43","url_key":"asdasdasd","total_rating":"3","popularfor":"five start","inactive":"0"} || params {} || headers {"apikey":"api@123","username":"dev","userpass":"mobile@123","user-agent":"PostmanRuntime/7.30.0","accept":"*/*","postman-token":"59df5377-2f58-4955-a5b5-9d43f59ef55f","host":"localhost:2023","accept-encoding":"gzip, deflate, br","connection":"keep-alive","content-type":"application/x-www-form-urlencoded","content-length":"116"}
[2023-02-21T00:16:13.929] [INFO] logs - Response [object Object]
[2023-02-21T00:16:13.935] [INFO] logs - Status: 201, Message: Data Return Successfully
[2023-02-21T00:18:54.310] [INFO] logs - Request POST /api/v1/hotel || body {"name":"dsff","address":"asdasd","lat":"2342.234","lng":"324.43","url_key":"asdasdasd","total_rating":"3","popularfor":"five start","inactive":"0"} || params {} || headers {"apikey":"api@123","username":"dev","userpass":"mobile@123","user-agent":"PostmanRuntime/7.30.0","accept":"*/*","postman-token":"3888e99c-3cd0-427e-a881-19e9d4c4758f","host":"localhost:2023","accept-encoding":"gzip, deflate, br","connection":"keep-alive","content-type":"application/x-www-form-urlencoded","content-length":"116"}
[2023-02-21T00:18:54.310] [INFO] logs - Response [object Object]
[2023-02-21T00:19:28.023] [INFO] logs - Request POST /api/v1/hotel || body {"name":"dsff","address":"asdasd","lat":"2342.234","lng":"324.43","url_key":"asdasdasd","total_rating":"3","popularfor":"five start","inactive":"0"} || params {} || headers {"apikey":"api@123","username":"dev","userpass":"mobile@123","user-agent":"PostmanRuntime/7.30.0","accept":"*/*","postman-token":"5ec969c6-4f92-497f-9842-70f9329c2bf9","host":"localhost:2023","accept-encoding":"gzip, deflate, br","connection":"keep-alive","content-type":"application/x-www-form-urlencoded","content-length":"116"}
[2023-02-21T00:19:28.023] [INFO] logs - Response [object Object]
[2023-02-21T00:19:28.988] [INFO] logs - Request POST /api/v1/hotel || body {"name":"dsff","address":"asdasd","lat":"2342.234","lng":"324.43","url_key":"asdasdasd","total_rating":"3","popularfor":"five start","inactive":"0"} || params {} || headers {"apikey":"api@123","username":"dev","userpass":"mobile@123","user-agent":"PostmanRuntime/7.30.0","accept":"*/*","postman-token":"19685706-4ea2-4ba1-aaa9-83067d7f424c","host":"localhost:2023","accept-encoding":"gzip, deflate, br","connection":"keep-alive","content-type":"application/x-www-form-urlencoded","content-length":"116"}
[2023-02-21T00:19:28.988] [INFO] logs - Response [object Object]
[2023-02-21T00:20:20.301] [INFO] logs - Request POST /api/v1/hotel || body {"name":"dsff","address":"asdasd","lat":"2342.234","lng":"324.43","url_key":"asdasdasd","total_rating":"3","popularfor":"five start","inactive":"0"} || params {} || headers {"apikey":"api@123","username":"dev","userpass":"mobile@123","user-agent":"PostmanRuntime/7.30.0","accept":"*/*","postman-token":"3e724cb7-8cd9-4045-9cf7-71d24143dd91","host":"localhost:2023","accept-encoding":"gzip, deflate, br","connection":"keep-alive","content-type":"application/x-www-form-urlencoded","content-length":"116"}
[2023-02-21T00:20:20.301] [INFO] logs - Response [object Object]
[2023-02-21T00:20:29.980] [INFO] logs - Request POST /api/v1/hotel || body {"name":"dsff","address":"asdasd","lat":"2342.234","lng":"324.43","url_key":"asdasdasd","total_rating":"3","popularfor":"five start","inactive":"0"} || params {} || headers {"apikey":"api@123","username":"dev","userpass":"mobile@123","user-agent":"PostmanRuntime/7.30.0","accept":"*/*","postman-token":"cd557c51-29de-4ed1-bdca-1b2df7d45f6d","host":"localhost:2023","accept-encoding":"gzip, deflate, br","connection":"keep-alive","content-type":"application/x-www-form-urlencoded","content-length":"116"}
[2023-02-21T00:20:29.980] [INFO] logs - Response [object Object]
[2023-02-21T00:22:00.175] [INFO] logs - Request POST /api/v1/hotel || body {"name":"dsff","address":"asdasd","lat":"2342.234","lng":"324.43","url_key":"asdasdasd","total_rating":"3","popularfor":"five start","inactive":"0"} || params {} || headers {"apikey":"api@123","username":"dev","userpass":"mobile@123","user-agent":"PostmanRuntime/7.30.0","accept":"*/*","postman-token":"c2ca659a-bafa-4a07-913d-8c63b2e76040","host":"localhost:2023","accept-encoding":"gzip, deflate, br","connection":"keep-alive","content-type":"application/x-www-form-urlencoded","content-length":"116"}
[2023-02-21T00:22:00.175] [INFO] logs - Response [object Object]
[2023-02-21T00:22:00.191] [INFO] logs - Status: 201, Message: Data Return Successfully
[2023-02-21T00:22:16.711] [INFO] logs - Request POST /api/v1/hotel || body {"name":"dsff","address":"asdasd","lat":"2342.234","lng":"324.43","url_key":"asdasdasd","total_rating":"3","popularfor":"five start","inactive":"0"} || params {} || headers {"apikey":"api@123","username":"dev","userpass":"mobile@123","user-agent":"PostmanRuntime/7.30.0","accept":"*/*","postman-token":"8b44e7f2-76cb-4813-85de-b731c7078ab0","host":"localhost:2023","accept-encoding":"gzip, deflate, br","connection":"keep-alive","content-type":"application/x-www-form-urlencoded","content-length":"116"}
[2023-02-21T00:22:16.712] [INFO] logs - Response [object Object]
[2023-02-21T00:22:16.720] [ERROR] logs - Status: 404, Message: RouteError: Cannot POST /api/v1/hotel, No HTTP resource was found that matches the request.
[2023-02-21T00:22:48.879] [INFO] logs - Request POST /api/v1/hotel || body {"name":"dsff","address":"asdasd","lat":"2342.234","lng":"324.43","url_key":"asdasdasd","total_rating":"3","popularfor":"five start","inactive":"0"} || params {} || headers {"apikey":"api@123","username":"dev","userpass":"mobile@123","user-agent":"PostmanRuntime/7.30.0","accept":"*/*","postman-token":"24710bb2-b350-4851-b60f-e0e1cf62ce91","host":"localhost:2023","accept-encoding":"gzip, deflate, br","connection":"keep-alive","content-type":"application/x-www-form-urlencoded","content-length":"116"}
[2023-02-21T00:22:48.879] [INFO] logs - Response [object Object]
[2023-02-21T00:23:14.033] [INFO] logs - Request POST /api/v1/hotel || body {"name":"dsff","address":"asdasd","lat":"2342.234","lng":"324.43","url_key":"asdasdasd","total_rating":"3","popularfor":"five start","inactive":"0"} || params {} || headers {"apikey":"api@123","username":"dev","userpass":"mobile@123","user-agent":"PostmanRuntime/7.30.0","accept":"*/*","postman-token":"37ab4bb9-aec7-47a6-b517-76fcec28b93c","host":"localhost:2023","accept-encoding":"gzip, deflate, br","connection":"keep-alive","content-type":"application/x-www-form-urlencoded","content-length":"116"}
[2023-02-21T00:23:14.033] [INFO] logs - Response [object Object]
[2023-02-21T00:23:29.172] [INFO] logs - Request POST /api/v1/hotel || body {"name":"dsff","address":"asdasd","lat":"2342.234","lng":"324.43","url_key":"asdasdasd","total_rating":"3","popularfor":"five start","inactive":"0"} || params {} || headers {"apikey":"api@123","username":"dev","userpass":"mobile@123","user-agent":"PostmanRuntime/7.30.0","accept":"*/*","postman-token":"2a3c6456-049f-4199-b448-851f2b9ce2b4","host":"localhost:2023","accept-encoding":"gzip, deflate, br","connection":"keep-alive","content-type":"application/x-www-form-urlencoded","content-length":"116"}
[2023-02-21T00:23:29.172] [INFO] logs - Response [object Object]
[2023-02-21T00:24:02.609] [INFO] logs - Request POST /api/v1/hotel || body {"name":"dsff","address":"asdasd","lat":"2342.234","lng":"324.43","url_key":"asdasdasd","total_rating":"3","popularfor":"five start","inactive":"0"} || params {} || headers {"apikey":"api@123","username":"dev","userpass":"mobile@123","user-agent":"PostmanRuntime/7.30.0","accept":"*/*","postman-token":"a3b79e61-cca3-44f6-bfd1-1f742501f578","host":"localhost:2023","accept-encoding":"gzip, deflate, br","connection":"keep-alive","content-type":"application/x-www-form-urlencoded","content-length":"116"}
[2023-02-21T00:24:02.609] [INFO] logs - Response [object Object]
[2023-02-21T00:24:16.539] [INFO] logs - Request POST /api/v1/hotel || body {"name":"dsff","address":"asdasd","lat":"2342.234","lng":"324.43","url_key":"asdasdasd","total_rating":"3","popularfor":"five start","inactive":"0"} || params {} || headers {"apikey":"api@123","username":"dev","userpass":"mobile@123","user-agent":"PostmanRuntime/7.30.0","accept":"*/*","postman-token":"73c229c5-42f7-48a4-9441-006810b405df","host":"localhost:2023","accept-encoding":"gzip, deflate, br","connection":"keep-alive","content-type":"application/x-www-form-urlencoded","content-length":"116"}
[2023-02-21T00:24:16.539] [INFO] logs - Response [object Object]
[2023-02-21T00:25:06.172] [INFO] logs - Request POST /api/v1/hotel || body {"name":"dsff","address":"asdasd","lat":"2342.234","lng":"324.43","url_key":"asdasdasd","total_rating":"3","popularfor":"five start","inactive":"0"} || params {} || headers {"apikey":"api@123","username":"dev","userpass":"mobile@123","user-agent":"PostmanRuntime/7.30.0","accept":"*/*","postman-token":"4f83d0b9-1115-453f-8728-76ecc8eeffee","host":"localhost:2023","accept-encoding":"gzip, deflate, br","connection":"keep-alive","content-type":"application/x-www-form-urlencoded","content-length":"116"}
[2023-02-21T00:25:06.173] [INFO] logs - Response [object Object]
[2023-02-21T00:25:06.178] [ERROR] logs - Status: 404, Message: RouteError: Cannot POST /api/v1/hotel, No HTTP resource was found that matches the request.
[2023-02-21T00:25:15.009] [INFO] logs - Request POST /api/v1/hotel || body {"name":"dsff","address":"asdasd","lat":"2342.234","lng":"324.43","url_key":"asdasdasd","total_rating":"3","popularfor":"five start","inactive":"0"} || params {} || headers {"apikey":"api@123","username":"dev","userpass":"mobile@123","user-agent":"PostmanRuntime/7.30.0","accept":"*/*","postman-token":"cd094b1d-581d-4869-84cd-65ba5dfcce59","host":"localhost:2023","accept-encoding":"gzip, deflate, br","connection":"keep-alive","content-type":"application/x-www-form-urlencoded","content-length":"116"}
[2023-02-21T00:25:15.010] [INFO] logs - Response [object Object]
[2023-02-21T00:25:15.028] [INFO] logs - Status: 201, Message: Data Return Successfully
[2023-02-21T00:26:20.276] [INFO] logs - Request POST /api/v1/hotel || body {"name":"dsff","address":"asdasd","lat":"2342.234","lng":"324.43","url_key":"asdasdasd","total_rating":"3","popularfor":"five start","inactive":"0"} || params {} || headers {"apikey":"api@123","username":"dev","userpass":"mobile@123","user-agent":"PostmanRuntime/7.30.0","accept":"*/*","postman-token":"0cbc0160-fc05-4af9-accc-c7c9384d9959","host":"localhost:2023","accept-encoding":"gzip, deflate, br","connection":"keep-alive","content-type":"application/x-www-form-urlencoded","content-length":"116"}
[2023-02-21T00:26:20.277] [INFO] logs - Response [object Object]
[2023-02-21T00:26:45.980] [INFO] logs - Request POST /api/v1/hotel || body {"name":"dsff","address":"asdasd","lat":"2342.234","lng":"324.43","url_key":"asdasdasd","total_rating":"3","popularfor":"five start","inactive":"0"} || params {} || headers {"apikey":"api@123","username":"dev","userpass":"mobile@123","user-agent":"PostmanRuntime/7.30.0","accept":"*/*","postman-token":"3c9e4c8a-7403-443e-8eea-069056a3e53c","host":"localhost:2023","accept-encoding":"gzip, deflate, br","connection":"keep-alive","content-type":"application/x-www-form-urlencoded","content-length":"116"}
[2023-02-21T00:26:45.981] [INFO] logs - Response [object Object]
[2023-02-21T00:27:30.883] [INFO] logs - Request POST /api/v1/hotel || body {"name":"dsff","address":"asdasd","lat":"2342.234","lng":"324.43","url_key":"asdasdasd","total_rating":"3","popularfor":"five start","inactive":"0"} || params {} || headers {"apikey":"api@123","username":"dev","userpass":"mobile@123","user-agent":"PostmanRuntime/7.30.0","accept":"*/*","postman-token":"7fa663cb-4408-4441-86ce-77d147034dae","host":"localhost:2023","accept-encoding":"gzip, deflate, br","connection":"keep-alive","content-type":"application/x-www-form-urlencoded","content-length":"116"}
[2023-02-21T00:27:30.885] [INFO] logs - Response [object Object]
[2023-02-21T00:27:30.892] [ERROR] logs - Status: 404, Message: RouteError: Cannot POST /api/v1/hotel, No HTTP resource was found that matches the request.
[2023-02-21T00:27:53.845] [INFO] logs - Request POST /api/v1/hotel || body {"name":"dsff","address":"asdasd","lat":"2342.234","lng":"324.43","url_key":"asdasdasd","total_rating":"3","popularfor":"five start","inactive":"0"} || params {} || headers {"apikey":"api@123","username":"dev","userpass":"mobile@123","user-agent":"PostmanRuntime/7.30.0","accept":"*/*","postman-token":"10caa757-8ad5-4f02-b52f-9627b2d08573","host":"localhost:2023","accept-encoding":"gzip, deflate, br","connection":"keep-alive","content-type":"application/x-www-form-urlencoded","content-length":"116"}
[2023-02-21T00:27:53.845] [INFO] logs - Response [object Object]
[2023-02-21T00:29:28.227] [INFO] logs - Request POST /api/v1/hotel || body {"name":"dsff","address":"asdasd","lat":"2342.234","lng":"324.43","url_key":"asdasdasd","total_rating":"3","popularfor":"five start","inactive":"0"} || params {} || headers {"apikey":"api@123","username":"dev","userpass":"mobile@123","user-agent":"PostmanRuntime/7.30.0","accept":"*/*","postman-token":"e2a7694d-9b70-4ff6-aeaf-6f42be4194dc","host":"localhost:2023","accept-encoding":"gzip, deflate, br","connection":"keep-alive","content-type":"application/x-www-form-urlencoded","content-length":"116"}
[2023-02-21T00:29:28.227] [INFO] logs - Response [object Object]
[2023-02-21T00:29:37.986] [INFO] logs - Request POST /api/v1/hotel || body {"name":"dsff","address":"asdasd","lat":"2342.234","lng":"324.43","url_key":"asdasdasd","total_rating":"3","popularfor":"five start","inactive":"0"} || params {} || headers {"apikey":"api@123","username":"dev","userpass":"mobile@123","user-agent":"PostmanRuntime/7.30.0","accept":"*/*","postman-token":"41dd1d9d-8837-41ef-8696-02c86434caed","host":"localhost:2023","accept-encoding":"gzip, deflate, br","connection":"keep-alive","content-type":"application/x-www-form-urlencoded","content-length":"116"}
[2023-02-21T00:29:37.987] [INFO] logs - Response [object Object]
[2023-02-21T00:31:33.990] [INFO] logs - Request POST /api/v1/hotel || body {"name":"dsff","address":"asdasd","lat":"2342.234","lng":"324.43","url_key":"asdasdasd","total_rating":"3","popularfor":"five start","inactive":"0"} || params {} || headers {"apikey":"api@123","username":"dev","userpass":"mobile@123","user-agent":"PostmanRuntime/7.30.0","accept":"*/*","postman-token":"7599b7c3-5f21-463d-9f80-1c12b2160336","host":"localhost:2023","accept-encoding":"gzip, deflate, br","connection":"keep-alive","content-type":"application/x-www-form-urlencoded","content-length":"116"}
[2023-02-21T00:31:33.993] [INFO] logs - Response [object Object]
[2023-02-21T00:31:43.282] [INFO] logs - Request POST /api/v1/hotel || body {"name":"dsff","address":"asdasd","lat":"2342.234","lng":"324.43","url_key":"asdasdasd","total_rating":"3","popularfor":"five start","inactive":"0"} || params {} || headers {"apikey":"api@123","username":"dev","userpass":"mobile@123","user-agent":"PostmanRuntime/7.30.0","accept":"*/*","postman-token":"546cc40e-fe17-4116-a2a3-81da85cda49a","host":"localhost:2023","accept-encoding":"gzip, deflate, br","connection":"keep-alive","content-type":"application/x-www-form-urlencoded","content-length":"116"}
[2023-02-21T00:31:43.283] [INFO] logs - Response [object Object]
[2023-02-21T00:33:46.088] [INFO] logs - Request POST /api/v1/hotel || body {"name":"dsff","address":"asdasd","lat":"2342.234","lng":"324.43","url_key":"asdasdasd","total_rating":"3","popularfor":"five start","inactive":"0"} || params {} || headers {"apikey":"api@123","username":"dev","userpass":"mobile@123","user-agent":"PostmanRuntime/7.30.0","accept":"*/*","postman-token":"e031d259-01fa-4702-b4da-91816e63dbce","host":"localhost:2023","accept-encoding":"gzip, deflate, br","connection":"keep-alive","content-type":"application/x-www-form-urlencoded","content-length":"116"}
[2023-02-21T00:33:46.088] [INFO] logs - Response [object Object]
[2023-02-21T00:33:46.106] [INFO] logs - Status: 201, Message: Data Return Successfully
[2023-02-21T00:33:47.103] [INFO] logs - Request POST /api/v1/hotel || body {"name":"dsff","address":"asdasd","lat":"2342.234","lng":"324.43","url_key":"asdasdasd","total_rating":"3","popularfor":"five start","inactive":"0"} || params {} || headers {"apikey":"api@123","username":"dev","userpass":"mobile@123","user-agent":"PostmanRuntime/7.30.0","accept":"*/*","postman-token":"6078130e-8c18-4165-b113-80f7cdc7fc61","host":"localhost:2023","accept-encoding":"gzip, deflate, br","connection":"keep-alive","content-type":"application/x-www-form-urlencoded","content-length":"116"}
[2023-02-21T00:33:47.104] [INFO] logs - Response [object Object]
[2023-02-21T00:33:47.133] [INFO] logs - Status: 201, Message: Data Return Successfully
[2023-02-21T00:33:47.650] [INFO] logs - Request POST /api/v1/hotel || body {"name":"dsff","address":"asdasd","lat":"2342.234","lng":"324.43","url_key":"asdasdasd","total_rating":"3","popularfor":"five start","inactive":"0"} || params {} || headers {"apikey":"api@123","username":"dev","userpass":"mobile@123","user-agent":"PostmanRuntime/7.30.0","accept":"*/*","postman-token":"179eda3b-fa5f-406d-9d51-83a63b27b00b","host":"localhost:2023","accept-encoding":"gzip, deflate, br","connection":"keep-alive","content-type":"application/x-www-form-urlencoded","content-length":"116"}
[2023-02-21T00:33:47.651] [INFO] logs - Response [object Object]
[2023-02-21T00:33:47.671] [INFO] logs - Status: 201, Message: Data Return Successfully
[2023-02-21T00:35:57.824] [INFO] logs - Request POST /api/v1/hotel || body {"name":"dsff","address":"asdasd","lat":"2342.234","lng":"324.43","url_key":"asdasdasd","total_rating":"3","popularfor":"five start","inactive":"0"} || params {} || headers {"apikey":"api@123","username":"dev","userpass":"mobile@123","user-agent":"PostmanRuntime/7.30.0","accept":"*/*","postman-token":"b99b223f-a65a-4a2e-a261-a41c548cb30e","host":"localhost:2023","accept-encoding":"gzip, deflate, br","connection":"keep-alive","content-type":"application/x-www-form-urlencoded","content-length":"116"}
[2023-02-21T00:35:57.825] [INFO] logs - Response [object Object]
[2023-02-21T00:35:57.840] [INFO] logs - Status: 201, Message: Data Return Successfully
[2023-02-21T00:35:58.705] [INFO] logs - Request POST /api/v1/hotel || body {"name":"dsff","address":"asdasd","lat":"2342.234","lng":"324.43","url_key":"asdasdasd","total_rating":"3","popularfor":"five start","inactive":"0"} || params {} || headers {"apikey":"api@123","username":"dev","userpass":"mobile@123","user-agent":"PostmanRuntime/7.30.0","accept":"*/*","postman-token":"05c168db-62b5-46b7-8306-4dbd45929d49","host":"localhost:2023","accept-encoding":"gzip, deflate, br","connection":"keep-alive","content-type":"application/x-www-form-urlencoded","content-length":"116"}
[2023-02-21T00:35:58.705] [INFO] logs - Response [object Object]
[2023-02-21T00:35:58.736] [INFO] logs - Status: 201, Message: Data Return Successfully
[2023-02-21T00:36:31.198] [INFO] logs - Request POST /api/v1/hotel || body {"name":"dsff","address":"asdasd","lat":"2342.234","lng":"324.43","url_key":"asdasdasd","total_rating":"3","popularfor":"five start","inactive":"0"} || params {} || headers {"apikey":"api@123","username":"dev","userpass":"mobile@123","user-agent":"PostmanRuntime/7.30.0","accept":"*/*","postman-token":"2b4d9313-f4a2-450b-86c0-3c04ad6421e2","host":"localhost:2023","accept-encoding":"gzip, deflate, br","connection":"keep-alive","content-type":"application/x-www-form-urlencoded","content-length":"116"}
[2023-02-21T00:36:31.199] [INFO] logs - Response [object Object]
[2023-02-21T00:36:31.235] [INFO] logs - Status: 201, Message: Data Return Successfully
[2023-02-21T00:45:17.343] [INFO] logs - Request POST /api/v1/hotel || body {"name":"dsff","address":"asdasd","lat":"2342.234","lng":"324.43","url_key":"asdasdasd","total_rating":"3","popularfor":"five start","inactive":"0"} || params {} || headers {"apikey":"api@123","username":"dev","userpass":"mobile@123","user-agent":"PostmanRuntime/7.30.0","accept":"*/*","postman-token":"c02d541f-1031-47d2-9a15-c0fc8e3b9894","host":"localhost:2023","accept-encoding":"gzip, deflate, br","connection":"keep-alive","content-type":"application/x-www-form-urlencoded","content-length":"116"}
[2023-02-21T00:45:17.344] [INFO] logs - Response [object Object]
[2023-02-21T00:45:17.363] [INFO] logs - Status: 201, Message: Data Return Successfully
[2023-02-21T00:45:18.142] [INFO] logs - Request POST /api/v1/hotel || body {"name":"dsff","address":"asdasd","lat":"2342.234","lng":"324.43","url_key":"asdasdasd","total_rating":"3","popularfor":"five start","inactive":"0"} || params {} || headers {"apikey":"api@123","username":"dev","userpass":"mobile@123","user-agent":"PostmanRuntime/7.30.0","accept":"*/*","postman-token":"53bba363-df66-4307-be97-ba65bd2b2829","host":"localhost:2023","accept-encoding":"gzip, deflate, br","connection":"keep-alive","content-type":"application/x-www-form-urlencoded","content-length":"116"}
[2023-02-21T00:45:18.143] [INFO] logs - Response [object Object]
[2023-02-21T00:45:18.178] [INFO] logs - Status: 201, Message: Data Return Successfully
[2023-02-21T00:45:30.885] [INFO] logs - Request POST /api/v1/hotel || body {"name":"dsff","address":"asdasd","lat":"2342.234","lng":"324.43","url_key":"asdasdasd","total_rating":"3","popularfor":"five start","inactive":"0"} || params {} || headers {"apikey":"api@123","username":"dev","userpass":"mobile@123","user-agent":"PostmanRuntime/7.30.0","accept":"*/*","postman-token":"1e4517d3-d27a-41fc-9f46-f3be820dea7f","host":"localhost:2023","accept-encoding":"gzip, deflate, br","connection":"keep-alive","content-type":"application/x-www-form-urlencoded","content-length":"116"}
[2023-02-21T00:45:30.886] [INFO] logs - Response [object Object]
[2023-02-21T00:45:30.902] [INFO] logs - Status: 201, Message: Data Return Successfully
[2023-02-21T00:45:31.656] [INFO] logs - Request POST /api/v1/hotel || body {"name":"dsff","address":"asdasd","lat":"2342.234","lng":"324.43","url_key":"asdasdasd","total_rating":"3","popularfor":"five start","inactive":"0"} || params {} || headers {"apikey":"api@123","username":"dev","userpass":"mobile@123","user-agent":"PostmanRuntime/7.30.0","accept":"*/*","postman-token":"6e6ad350-35d9-4810-8af7-1dd07e3a8581","host":"localhost:2023","accept-encoding":"gzip, deflate, br","connection":"keep-alive","content-type":"application/x-www-form-urlencoded","content-length":"116"}
[2023-02-21T00:45:31.656] [INFO] logs - Response [object Object]
[2023-02-21T00:45:31.674] [INFO] logs - Status: 201, Message: Data Return Successfully
[2023-02-21T00:45:32.337] [INFO] logs - Request POST /api/v1/hotel || body {"name":"dsff","address":"asdasd","lat":"2342.234","lng":"324.43","url_key":"asdasdasd","total_rating":"3","popularfor":"five start","inactive":"0"} || params {} || headers {"apikey":"api@123","username":"dev","userpass":"mobile@123","user-agent":"PostmanRuntime/7.30.0","accept":"*/*","postman-token":"bdc3044a-c2ba-45bf-8703-03adbe9509bc","host":"localhost:2023","accept-encoding":"gzip, deflate, br","connection":"keep-alive","content-type":"application/x-www-form-urlencoded","content-length":"116"}
[2023-02-21T00:45:32.338] [INFO] logs - Response [object Object]
[2023-02-21T00:45:32.364] [INFO] logs - Status: 201, Message: Data Return Successfully
[2023-02-21T00:45:32.996] [INFO] logs - Request POST /api/v1/hotel || body {"name":"dsff","address":"asdasd","lat":"2342.234","lng":"324.43","url_key":"asdasdasd","total_rating":"3","popularfor":"five start","inactive":"0"} || params {} || headers {"apikey":"api@123","username":"dev","userpass":"mobile@123","user-agent":"PostmanRuntime/7.30.0","accept":"*/*","postman-token":"15c91e31-a127-4036-8898-37ef1413cb49","host":"localhost:2023","accept-encoding":"gzip, deflate, br","connection":"keep-alive","content-type":"application/x-www-form-urlencoded","content-length":"116"}
[2023-02-21T00:45:32.997] [INFO] logs - Response [object Object]
[2023-02-21T00:45:33.026] [INFO] logs - Status: 201, Message: Data Return Successfully
[2023-02-21T00:45:33.640] [INFO] logs - Request POST /api/v1/hotel || body {"name":"dsff","address":"asdasd","lat":"2342.234","lng":"324.43","url_key":"asdasdasd","total_rating":"3","popularfor":"five start","inactive":"0"} || params {} || headers {"apikey":"api@123","username":"dev","userpass":"mobile@123","user-agent":"PostmanRuntime/7.30.0","accept":"*/*","postman-token":"d2c2c75d-ca30-4c24-b96c-5e5096b8944b","host":"localhost:2023","accept-encoding":"gzip, deflate, br","connection":"keep-alive","content-type":"application/x-www-form-urlencoded","content-length":"116"}
[2023-02-21T00:45:33.641] [INFO] logs - Response [object Object]
[2023-02-21T00:45:33.654] [INFO] logs - Status: 201, Message: Data Return Successfully
[2023-02-21T00:45:35.829] [INFO] logs - Request POST /api/v1/hotel || body {"name":"dsff","address":"asdasd","lat":"2342.234","lng":"324.43","url_key":"asdasdasd","total_rating":"3","popularfor":"five start","inactive":"0"} || params {} || headers {"apikey":"api@123d","username":"dev","userpass":"mobile@123","user-agent":"PostmanRuntime/7.30.0","accept":"*/*","postman-token":"0f69069c-8dab-4ec7-b0be-22eaf93bfcb3","host":"localhost:2023","accept-encoding":"gzip, deflate, br","connection":"keep-alive","content-type":"application/x-www-form-urlencoded","content-length":"116"}
[2023-02-21T00:45:35.829] [INFO] logs - Response [object Object]
[2023-02-21T00:45:35.846] [ERROR] logs - Status: 403, Message: Authentication Failed: Invalid User or Api Key
[2023-02-21T00:45:39.348] [INFO] logs - Request POST /api/v1/hotel || body {"name":"dsff","address":"asdasd","lat":"2342.234","lng":"324.43","url_key":"asdasdasd","total_rating":"3","popularfor":"five start","inactive":"0"} || params {} || headers {"apikey":"api@123","username":"dev","userpass":"mobile@123","user-agent":"PostmanRuntime/7.30.0","accept":"*/*","postman-token":"ea4469a6-cf9e-41df-b907-726116050198","host":"localhost:2023","accept-encoding":"gzip, deflate, br","connection":"keep-alive","content-type":"application/x-www-form-urlencoded","content-length":"116"}
[2023-02-21T00:45:39.349] [INFO] logs - Response [object Object]
[2023-02-21T00:45:39.374] [INFO] logs - Status: 201, Message: Data Return Successfully
[2023-02-21T00:46:18.067] [INFO] logs - Request POST /api/v1/hotel || body {"name":"dsff","address":"asdasd","lat":"2342.234","lng":"324.43","url_key":"asdasdasd","total_rating":"3","popularfor":"five start","inactive":"0"} || params {} || headers {"apikey":"api@123","username":"dev","userpass":"mobile@123","user-agent":"PostmanRuntime/7.30.0","accept":"*/*","postman-token":"136b6eb5-d84c-4afc-9e98-3297c7112385","host":"localhost:2023","accept-encoding":"gzip, deflate, br","connection":"keep-alive","content-type":"application/x-www-form-urlencoded","content-length":"116"}
[2023-02-21T00:46:18.068] [INFO] logs - Response [object Object]
[2023-02-21T00:46:18.083] [INFO] logs - Status: 201, Message: Data Return Successfully
[2023-02-21T00:46:18.838] [INFO] logs - Request POST /api/v1/hotel || body {"name":"dsff","address":"asdasd","lat":"2342.234","lng":"324.43","url_key":"asdasdasd","total_rating":"3","popularfor":"five start","inactive":"0"} || params {} || headers {"apikey":"api@123","username":"dev","userpass":"mobile@123","user-agent":"PostmanRuntime/7.30.0","accept":"*/*","postman-token":"3f806eae-94d4-4982-9602-f6d41650da52","host":"localhost:2023","accept-encoding":"gzip, deflate, br","connection":"keep-alive","content-type":"application/x-www-form-urlencoded","content-length":"116"}
[2023-02-21T00:46:18.838] [INFO] logs - Response [object Object]
[2023-02-21T00:46:18.868] [INFO] logs - Status: 201, Message: Data Return Successfully
[2023-02-21T00:46:19.479] [INFO] logs - Request POST /api/v1/hotel || body {"name":"dsff","address":"asdasd","lat":"2342.234","lng":"324.43","url_key":"asdasdasd","total_rating":"3","popularfor":"five start","inactive":"0"} || params {} || headers {"apikey":"api@123","username":"dev","userpass":"mobile@123","user-agent":"PostmanRuntime/7.30.0","accept":"*/*","postman-token":"4f434b95-d748-4bd0-8e87-6ac010221de7","host":"localhost:2023","accept-encoding":"gzip, deflate, br","connection":"keep-alive","content-type":"application/x-www-form-urlencoded","content-length":"116"}
[2023-02-21T00:46:19.480] [INFO] logs - Response [object Object]
[2023-02-21T00:46:19.497] [INFO] logs - Status: 201, Message: Data Return Successfully
[2023-02-21T00:46:27.934] [INFO] logs - Request POST /api/v1/hotel || body {"name":"dsff","address":"asdasd","lat":"2342.234","lng":"324.43","url_key":"asdasdasd","total_rating":"3","popularfor":"five start","inactive":"0"} || params {} || headers {"apikey":"api@123","username":"dev","userpass":"mobile@123d","user-agent":"PostmanRuntime/7.30.0","accept":"*/*","postman-token":"c941edda-a7d9-4ec9-b441-15d187d86753","host":"localhost:2023","accept-encoding":"gzip, deflate, br","connection":"keep-alive","content-type":"application/x-www-form-urlencoded","content-length":"116"}
[2023-02-21T00:46:27.935] [INFO] logs - Response [object Object]
[2023-02-21T00:46:27.948] [ERROR] logs - Status: 403, Message: Authentication Failed: Invalid headers*
[2023-02-21T00:46:30.802] [INFO] logs - Request POST /api/v1/hotel || body {"name":"dsff","address":"asdasd","lat":"2342.234","lng":"324.43","url_key":"asdasdasd","total_rating":"3","popularfor":"five start","inactive":"0"} || params {} || headers {"apikey":"api@123","username":"dev","userpass":"mobile@123","user-agent":"PostmanRuntime/7.30.0","accept":"*/*","postman-token":"68bea9cd-d3c3-42d2-b46b-0b5a152b76a0","host":"localhost:2023","accept-encoding":"gzip, deflate, br","connection":"keep-alive","content-type":"application/x-www-form-urlencoded","content-length":"116"}
[2023-02-21T00:46:30.802] [INFO] logs - Response [object Object]
[2023-02-21T00:46:30.825] [INFO] logs - Status: 201, Message: Data Return Successfully
[2023-02-21T00:47:12.129] [INFO] logs - Request POST /api/v1/hotel || body {"name":"dsff","address":"asdasd","lat":"2342.234","lng":"324.43","url_key":"asdasdasd","total_rating":"3","popularfor":"five start","inactive":"0"} || params {} || headers {"apikey":"api@123","username":"dev","userpass":"mobile@123","user-agent":"PostmanRuntime/7.30.0","accept":"*/*","postman-token":"4f5aae4c-0b69-4171-8b17-964185ea8f4c","host":"localhost:2023","accept-encoding":"gzip, deflate, br","connection":"keep-alive","content-type":"application/x-www-form-urlencoded","content-length":"116"}
[2023-02-21T00:47:12.130] [INFO] logs - Response [object Object]
[2023-02-21T00:47:12.148] [INFO] logs - Status: 201, Message: Data Return Successfully
[2023-02-21T00:47:12.765] [INFO] logs - Request POST /api/v1/hotel || body {"name":"dsff","address":"asdasd","lat":"2342.234","lng":"324.43","url_key":"asdasdasd","total_rating":"3","popularfor":"five start","inactive":"0"} || params {} || headers {"apikey":"api@123","username":"dev","userpass":"mobile@123","user-agent":"PostmanRuntime/7.30.0","accept":"*/*","postman-token":"8d46d024-4e6b-427b-b542-f38a3e76e96f","host":"localhost:2023","accept-encoding":"gzip, deflate, br","connection":"keep-alive","content-type":"application/x-www-form-urlencoded","content-length":"116"}
[2023-02-21T00:47:12.767] [INFO] logs - Response [object Object]
[2023-02-21T00:47:12.797] [INFO] logs - Status: 201, Message: Data Return Successfully
[2023-02-21T00:47:13.250] [INFO] logs - Request POST /api/v1/hotel || body {"name":"dsff","address":"asdasd","lat":"2342.234","lng":"324.43","url_key":"asdasdasd","total_rating":"3","popularfor":"five start","inactive":"0"} || params {} || headers {"apikey":"api@123","username":"dev","userpass":"mobile@123","user-agent":"PostmanRuntime/7.30.0","accept":"*/*","postman-token":"a73eca1c-9a8e-4b39-b373-53a2d1b55479","host":"localhost:2023","accept-encoding":"gzip, deflate, br","connection":"keep-alive","content-type":"application/x-www-form-urlencoded","content-length":"116"}
[2023-02-21T00:47:13.251] [INFO] logs - Response [object Object]
[2023-02-21T00:47:13.271] [INFO] logs - Status: 201, Message: Data Return Successfully
[2023-02-21T01:21:28.921] [INFO] logs - Request GET /api/v1/version || body {} || params {} || headers {"apikey":"api@123","username":"dev","userpass":"mobile@123","user-agent":"PostmanRuntime/7.30.0","accept":"*/*","postman-token":"2cc0b1cf-134e-4bd9-9666-6cdd294f49e4","host":"localhost:2023","accept-encoding":"gzip, deflate, br","connection":"keep-alive"}
[2023-02-21T01:22:35.118] [INFO] logs - Request GET /api/v1/version || body {} || params {} || headers {"apikey":"api@123","username":"dev","userpass":"mobile@123","user-agent":"PostmanRuntime/7.30.0","accept":"*/*","postman-token":"a57f62c1-90b8-4aab-8ae4-4ced2c14330a","host":"localhost:2023","accept-encoding":"gzip, deflate, br","connection":"keep-alive"}
[2023-02-21T01:22:43.468] [INFO] logs - Request GET /api/v1/version || body {} || params {} || headers {"apikey":"api@123","username":"dev","userpass":"mobile@123","user-agent":"PostmanRuntime/7.30.0","accept":"*/*","postman-token":"874c01a1-ce55-42e8-accf-13319b553d72","host":"localhost:2023","accept-encoding":"gzip, deflate, br","connection":"keep-alive"}
[2023-02-21T01:22:53.607] [INFO] logs - Request GET /api/v1/version || body {} || params {} || headers {"apikey":"api@123","username":"dev","userpass":"mobile@123","user-agent":"PostmanRuntime/7.30.0","accept":"*/*","postman-token":"cc385929-5585-4168-afb3-122c80d365b7","host":"localhost:2023","accept-encoding":"gzip, deflate, br","connection":"keep-alive"}
[2023-02-21T01:23:17.569] [INFO] logs - Request GET /api/v1/version || body {} || params {} || headers {"apikey":"api@123","username":"dev","userpass":"mobile@123","user-agent":"PostmanRuntime/7.30.0","accept":"*/*","postman-token":"82d54c53-ea05-4a65-b691-6ff1fc5e5a04","host":"localhost:2023","accept-encoding":"gzip, deflate, br","connection":"keep-alive"}
[2023-02-21T01:25:35.134] [INFO] logs - Request GET /api/v1/version || body {} || params {} || headers {"apikey":"api@123","username":"dev","userpass":"mobile@123","user-agent":"PostmanRuntime/7.30.0","accept":"*/*","postman-token":"9ba18539-a503-4f39-a31f-e3d173bec092","host":"localhost:2023","accept-encoding":"gzip, deflate, br","connection":"keep-alive"}
[2023-02-21T01:27:46.534] [INFO] logs - Request GET /api/v1/version || body {} || params {} || headers {"apikey":"api@123","username":"dev","userpass":"mobile@123","user-agent":"PostmanRuntime/7.30.0","accept":"*/*","postman-token":"5abcf619-9c1f-4a9b-83ed-ecc793a27cb1","host":"localhost:2023","accept-encoding":"gzip, deflate, br","connection":"keep-alive"}
[2023-02-21T01:28:11.191] [INFO] logs - Request GET /api/v1/version || body {} || params {} || headers {"user-agent":"PostmanRuntime/7.30.0","accept":"*/*","postman-token":"3af5f86b-91ca-4057-a214-30e4321463fd","host":"localhost:2023","accept-encoding":"gzip, deflate, br","connection":"keep-alive"}
[2023-02-21T01:30:12.997] [INFO] logs - Request GET /api/v1/version || body {} || params {} || headers {"authorization":"Bearer eyJhbGciOiJIUzI1NiIsInR5cCI6IkpXVCJ9.eyJfaWQiOjQxLCJlbWFpbCI6ImFzZGFzZEB5b3BtYWlsLmNvbSIsImlhdCI6MTY2NjE1NzA1MH0.08djHvnfOzniRiL_AxUK6uWoI3Gcy8ykHd5TBYIp5D8","user-agent":"PostmanRuntime/7.30.0","accept":"*/*","postman-token":"27ce8a7c-e6e0-4032-aa10-aac104329415","host":"localhost:2023","accept-encoding":"gzip, deflate, br","connection":"keep-alive"}
