[2023-03-16T21:40:56.708] [INFO] logs - Request GET /version || body {} || params {} || headers {"accept-encoding":"gzip, deflate, br","accept":"*/*","user-agent":"Thunder Client (https://www.thunderclient.com)","host":"localhost:2023","connection":"close"}
[2023-03-16T21:40:56.713] [ERROR] logs - Status: 404, Message: RouteError: Cannot GET /version, No HTTP resource was found that matches the request.
[2023-03-16T21:41:22.145] [INFO] logs - Request GET /admin/v1/version || body {} || params {} || headers {"accept-encoding":"gzip, deflate, br","accept":"*/*","user-agent":"Thunder Client (https://www.thunderclient.com)","host":"localhost:2023","connection":"close"}
[2023-03-16T21:41:23.163] [INFO] logs - Request GET /admin/v1/version || body {} || params {} || headers {"accept-encoding":"gzip, deflate, br","accept":"*/*","user-agent":"Thunder Client (https://www.thunderclient.com)","host":"localhost:2023","connection":"close"}
[2023-03-16T21:41:23.624] [INFO] logs - Request GET /admin/v1/version || body {} || params {} || headers {"accept-encoding":"gzip, deflate, br","accept":"*/*","user-agent":"Thunder Client (https://www.thunderclient.com)","host":"localhost:2023","connection":"close"}
[2023-03-16T21:41:59.143] [INFO] logs - Request GET /api/v1/version || body {} || params {} || headers {"accept-encoding":"gzip, deflate, br","accept":"*/*","user-agent":"Thunder Client (https://www.thunderclient.com)","host":"localhost:2023","connection":"close"}
[2023-03-16T21:42:40.169] [INFO] logs - Request GET / || body {} || params {} || headers {"accept-encoding":"gzip, deflate, br","accept":"*/*","user-agent":"Thunder Client (https://www.thunderclient.com)","host":"localhost:2023","connection":"close"}
[2023-03-16T21:43:56.343] [INFO] logs - Request GET /api/v1/ || body {} || params {} || headers {"accept-encoding":"gzip, deflate, br","accept":"*/*","user-agent":"Thunder Client (https://www.thunderclient.com)","host":"localhost:2023","connection":"close"}
[2023-03-16T21:43:56.348] [ERROR] logs - Status: 403, Message: Authentication Failed: Please provide correct Api Key!!!
[2023-03-16T21:47:18.594] [INFO] logs - Request GET /api/v1/ || body {} || params {} || headers {"accept-encoding":"gzip, deflate, br","accept":"*/*","user-agent":"Thunder Client (https://www.thunderclient.com)","host":"localhost:2023","connection":"close"}
[2023-03-16T21:47:18.596] [ERROR] logs - Status: 403, Message: Authentication Failed: Please provide correct Api Key!!!
[2023-03-16T21:48:05.723] [INFO] logs - Request GET /api/v1/ || body {} || params {} || headers {"accept-encoding":"gzip, deflate, br","accept":"*/*","user-agent":"Thunder Client (https://www.thunderclient.com)","host":"localhost:2023","connection":"close"}
[2023-03-16T21:48:05.724] [ERROR] logs - Status: 403, Message: Authentication Failed: Please provide correct Api Key!!!
[2023-03-16T21:48:06.482] [INFO] logs - Request GET /api/v1/ || body {} || params {} || headers {"accept-encoding":"gzip, deflate, br","accept":"*/*","user-agent":"Thunder Client (https://www.thunderclient.com)","host":"localhost:2023","connection":"close"}
[2023-03-16T21:48:06.484] [ERROR] logs - Status: 403, Message: Authentication Failed: Please provide correct Api Key!!!
[2023-03-16T21:48:06.898] [INFO] logs - Request GET /api/v1/ || body {} || params {} || headers {"accept-encoding":"gzip, deflate, br","accept":"*/*","user-agent":"Thunder Client (https://www.thunderclient.com)","host":"localhost:2023","connection":"close"}
[2023-03-16T21:48:06.899] [ERROR] logs - Status: 403, Message: Authentication Failed: Please provide correct Api Key!!!
[2023-03-16T21:48:10.360] [INFO] logs - Request GET /api/v1/ || body {} || params {} || headers {"accept-encoding":"gzip, deflate, br","accept":"*/*","user-agent":"Thunder Client (https://www.thunderclient.com)","host":"localhost:2023","connection":"close"}
[2023-03-16T21:48:10.362] [ERROR] logs - Status: 403, Message: Authentication Failed: Please provide correct Api Key!!!
[2023-03-16T21:48:21.083] [INFO] logs - Request GET /api/v1/ || body {} || params {} || headers {"accept-encoding":"gzip, deflate, br","accept":"*/*","user-agent":"Thunder Client (https://www.thunderclient.com)","host":"localhost:2023","connection":"close"}
[2023-03-16T21:48:21.084] [ERROR] logs - Status: 403, Message: Authentication Failed: Please provide correct Api Key!!!
[2023-03-16T21:48:21.888] [INFO] logs - Request GET /api/v1/ || body {} || params {} || headers {"accept-encoding":"gzip, deflate, br","accept":"*/*","user-agent":"Thunder Client (https://www.thunderclient.com)","host":"localhost:2023","connection":"close"}
[2023-03-16T21:48:21.889] [ERROR] logs - Status: 403, Message: Authentication Failed: Please provide correct Api Key!!!
[2023-03-16T21:48:33.579] [INFO] logs - Request GET /api/v1/version || body {} || params {} || headers {"accept-encoding":"gzip, deflate, br","accept":"*/*","user-agent":"Thunder Client (https://www.thunderclient.com)","host":"localhost:2023","connection":"close"}
[2023-03-16T21:48:57.727] [INFO] logs - Request GET /admin/v1/version || body {} || params {} || headers {"accept-encoding":"gzip, deflate, br","accept":"*/*","user-agent":"Thunder Client (https://www.thunderclient.com)","host":"localhost:2023","connection":"close"}
[2023-03-16T21:48:58.522] [INFO] logs - Request GET /admin/v1/version || body {} || params {} || headers {"accept-encoding":"gzip, deflate, br","accept":"*/*","user-agent":"Thunder Client (https://www.thunderclient.com)","host":"localhost:2023","connection":"close"}
[2023-03-16T21:49:44.416] [INFO] logs - Request GET /admin/v1/version || body {} || params {} || headers {"accept-encoding":"gzip, deflate, br","accept":"*/*","user-agent":"Thunder Client (https://www.thunderclient.com)","host":"localhost:2023","connection":"close"}
[2023-03-16T21:50:13.628] [INFO] logs - Request GET /admin/v1/version || body {} || params {} || headers {"accept-encoding":"gzip, deflate, br","accept":"*/*","user-agent":"Thunder Client (https://www.thunderclient.com)","host":"localhost:2023","connection":"close"}
[2023-03-16T21:50:27.093] [INFO] logs - Request GET /admin/v1/version || body {} || params {} || headers {"accept-encoding":"gzip, deflate, br","accept":"*/*","user-agent":"Thunder Client (https://www.thunderclient.com)","host":"localhost:2023","connection":"close"}
[2023-03-16T21:55:04.573] [INFO] logs - Request GET /admin/v1/version || body {} || params {} || headers {"accept-encoding":"gzip, deflate, br","accept":"*/*","user-agent":"Thunder Client (https://www.thunderclient.com)","host":"localhost:2023","connection":"close"}
[2023-03-16T21:55:05.611] [INFO] logs - Request GET /admin/v1/version || body {} || params {} || headers {"accept-encoding":"gzip, deflate, br","accept":"*/*","user-agent":"Thunder Client (https://www.thunderclient.com)","host":"localhost:2023","connection":"close"}
[2023-03-16T22:11:10.092] [INFO] logs - Request GET /admin/v1/version || body {} || params {} || headers {"accept-encoding":"gzip, deflate, br","accept":"*/*","user-agent":"Thunder Client (https://www.thunderclient.com)","host":"localhost:2023","connection":"close"}
[2023-03-16T22:11:10.714] [INFO] logs - Request GET /admin/v1/version || body {} || params {} || headers {"accept-encoding":"gzip, deflate, br","accept":"*/*","user-agent":"Thunder Client (https://www.thunderclient.com)","host":"localhost:2023","connection":"close"}
[2023-03-16T22:11:21.531] [INFO] logs - Request GET /admin/v1/version || body {} || params {} || headers {"accept-encoding":"gzip, deflate, br","accept":"*/*","user-agent":"Thunder Client (https://www.thunderclient.com)","host":"localhost:2023","connection":"close"}
[2023-03-16T22:11:22.251] [INFO] logs - Request GET /admin/v1/version || body {} || params {} || headers {"accept-encoding":"gzip, deflate, br","accept":"*/*","user-agent":"Thunder Client (https://www.thunderclient.com)","host":"localhost:2023","connection":"close"}
[2023-03-16T22:11:22.474] [INFO] logs - Request GET /admin/v1/version || body {} || params {} || headers {"accept-encoding":"gzip, deflate, br","accept":"*/*","user-agent":"Thunder Client (https://www.thunderclient.com)","host":"localhost:2023","connection":"close"}
[2023-03-16T22:11:22.674] [INFO] logs - Request GET /admin/v1/version || body {} || params {} || headers {"accept-encoding":"gzip, deflate, br","accept":"*/*","user-agent":"Thunder Client (https://www.thunderclient.com)","host":"localhost:2023","connection":"close"}
[2023-03-16T22:11:34.723] [INFO] logs - Request GET /admin/v1/version || body {} || params {} || headers {"accept-encoding":"gzip, deflate, br","accept":"*/*","user-agent":"Thunder Client (https://www.thunderclient.com)","host":"localhost:2023","connection":"close"}
[2023-03-16T22:12:35.859] [INFO] logs - Request GET /admin/v1/version || body {} || params {} || headers {"accept-encoding":"gzip, deflate, br","accept":"*/*","user-agent":"Thunder Client (https://www.thunderclient.com)","host":"localhost:2023","connection":"close"}
[2023-03-16T22:12:36.836] [INFO] logs - Request GET /admin/v1/version || body {} || params {} || headers {"accept-encoding":"gzip, deflate, br","accept":"*/*","user-agent":"Thunder Client (https://www.thunderclient.com)","host":"localhost:2023","connection":"close"}
[2023-03-16T22:12:46.741] [INFO] logs - Request GET /admin/v1/version || body {} || params {} || headers {"accept-encoding":"gzip, deflate, br","accept":"*/*","user-agent":"Thunder Client (https://www.thunderclient.com)","host":"localhost:2023","connection":"close"}
